{ "timestamp":"2025-10-27T02:37:20Z", "event":"Fileheader", "part":1, "language":"English/UK", "Odyssey":true, "gameversion":"4.2.1.2", "build":"r320146/r0 " }
{ "timestamp":"2025-10-27T02:37:53Z", "event":"Commander", "FID":"F2015064", "Name":"Villunus" }
{ "timestamp":"2025-10-27T02:37:53Z", "event":"Materials", "Raw":[ { "Name":"tungsten", "Count":9 }, { "Name":"niobium", "Count":12 }, { "Name":"nickel", "Count":18 }, { "Name":"vanadium", "Count":3 }, { "Name":"antimony", "Count":6 }, { "Name":"iron", "Count":18 }, { "Name":"chromium", "Count":14 }, { "Name":"manganese", "Count":5 }, { "Name":"phosphorus", "Count":17 }, { "Name":"arsenic", "Count":8 } ], "Manufactured":[ { "Name":"heatconductionwiring", "Name_Localised":"Heat Conduction Wiring", "Count":1 }, { "Name":"focuscrystals", "Name_Localised":"Focus Crystals", "Count":3 }, { "Name":"precipitatedalloys", "Name_Localised":"Precipitated Alloys", "Count":3 }, { "Name":"salvagedalloys", "Name_Localised":"Salvaged Alloys", "Count":64 }, { "Name":"protolightalloys", "Name_Localised":"Proto Light Alloys", "Count":41 }, { "Name":"protoradiolicalloys", "Name_Localised":"Proto Radiolic Alloys", "Count":1 }, { "Name":"gridresistors", "Name_Localised":"Grid Resistors", "Count":2 }, { "Name":"hybridcapacitors", "Name_Localised":"Hybrid Capacitors", "Count":1 }, { "Name":"heatdispersionplate", "Name_Localised":"Heat Dispersion Plate", "Count":1 }, { "Name":"electrochemicalarrays", "Name_Localised":"Electrochemical Arrays", "Count":1 }, { "Name":"heatvanes", "Name_Localised":"Heat Vanes", "Count":6 }, { "Name":"heatexchangers", "Name_Localised":"Heat Exchangers", "Count":6 }, { "Name":"chemicalprocessors", "Name_Localised":"Chemical Processors", "Count":14 }, { "Name":"chemicaldistillery", "Name_Localised":"Chemical Distillery", "Count":5 }, { "Name":"chemicalmanipulators", "Name_Localised":"Chemical Manipulators", "Count":5 }, { "Name":"galvanisingalloys", "Name_Localised":"Galvanising Alloys", "Count":6 } ], "Encoded":[ { "Name":"shieldpatternanalysis", "Name_Localised":"Aberrant Shield Pattern Analysis", "Count":8 }, { "Name":"shielddensityreports", "Name_Localised":"Untypical Shield Scans", "Count":7 }, { "Name":"scanarchives", "Name_Localised":"Unidentified Scan Archives", "Count":6 }, { "Name":"decodedemissiondata", "Name_Localised":"Decoded Emission Data", "Count":6 }, { "Name":"shieldcyclerecordings", "Name_Localised":"Distorted Shield Cycle Recordings", "Count":9 }, { "Name":"bulkscandata", "Name_Localised":"Anomalous Bulk Scan Data", "Count":18 }, { "Name":"shieldsoakanalysis", "Name_Localised":"Inconsistent Shield Soak Analysis", "Count":3 }, { "Name":"archivedemissiondata", "Name_Localised":"Irregular Emission Data", "Count":3 }, { "Name":"wakesolutions", "Name_Localised":"Strange Wake Solutions", "Count":2 }, { "Name":"fsdtelemetry", "Name_Localised":"Anomalous FSD Telemetry", "Count":21 }, { "Name":"disruptedwakeechoes", "Name_Localised":"Atypical Disrupted Wake Echoes", "Count":1 }, { "Name":"dataminedwake", "Name_Localised":"Datamined Wake Exceptions", "Count":2 }, { "Name":"hyperspacetrajectories", "Name_Localised":"Eccentric Hyperspace Trajectories", "Count":7 } ] }
{ "timestamp":"2025-10-27T02:37:53Z", "event":"Rank", "Combat":6, "Trade":7, "Explore":4, "Soldier":0, "Exobiologist":0, "Empire":0, "Federation":1, "CQC":0 }
{ "timestamp":"2025-10-27T02:37:53Z", "event":"Progress", "Combat":26, "Trade":44, "Explore":51, "Soldier":0, "Exobiologist":0, "Empire":100, "Federation":15, "CQC":0 }
{ "timestamp":"2025-10-27T02:37:53Z", "event":"Reputation", "Empire":75.000000, "Federation":75.000000, "Independent":1.972560, "Alliance":41.009998 }
{ "timestamp":"2025-10-27T02:37:53Z", "event":"EngineerProgress", "Engineers":[ { "Engineer":"Felicity Farseer", "EngineerID":300100, "Progress":"Invited" }, { "Engineer":"Eleanor Bresa", "EngineerID":400011, "Progress":"Known" }, { "Engineer":"Hero Ferrari", "EngineerID":400003, "Progress":"Known" }, { "Engineer":"Jude Navarro", "EngineerID":400001, "Progress":"Known" }, { "Engineer":"Liz Ryder", "EngineerID":300080, "Progress":"Known" }, { "Engineer":"Rosa Dayette", "EngineerID":400012, "Progress":"Known" }, { "Engineer":"Zacariah Nemo", "EngineerID":300050, "Progress":"Known" }, { "Engineer":"Mel Brandon", "EngineerID":300280, "Progress":"Known" }, { "Engineer":"Marco Qwent", "EngineerID":300200, "Progress":"Known" }, { "Engineer":"Baltanos", "EngineerID":400010, "Progress":"Known" }, { "Engineer":"The Dweller", "EngineerID":300180, "Progress":"Invited" }, { "Engineer":"Elvira Martuuk", "EngineerID":300160, "Progress":"Unlocked", "RankProgress":0, "Rank":5 }, { "Engineer":"Tod 'The Blaster' McQuinn", "EngineerID":300260, "Progress":"Invited" }, { "Engineer":"Domino Green", "EngineerID":400002, "Progress":"Known" } ] }
{ "timestamp":"2025-10-27T02:37:53Z", "event":"LoadGame", "FID":"F2015064", "Commander":"Villunus", "Horizons":true, "Odyssey":true, "Ship":"Asp", "Ship_Localised":"Asp Explorer", "ShipID":6, "ShipName":"", "ShipIdent":"", "FuelLevel":48.000000, "FuelCapacity":48.000000, "GameMode":"Solo", "Credits":33541258, "Loan":0, "language":"English/UK", "gameversion":"4.2.1.2", "build":"r320146/r0 " }
{ "timestamp":"2025-10-27T02:38:20Z", "event":"Statistics", "Bank_Account":{ "Current_Wealth":741756408, "Spent_On_Ships":301088842, "Spent_On_Outfitting":584777478, "Spent_On_Repairs":3113514, "Spent_On_Fuel":334278, "Spent_On_Ammo_Consumables":474184, "Insurance_Claims":47, "Spent_On_Insurance":65627153, "Owned_Ship_Count":6, "Spent_On_Suits":0, "Spent_On_Weapons":0, "Spent_On_Suit_Consumables":0, "Suits_Owned":1, "Weapons_Owned":1, "Spent_On_Premium_Stock":0, "Premium_Stock_Bought":0 }, "Combat":{ "Bounties_Claimed":3070, "Bounty_Hunting_Profit":153432926, "Combat_Bonds":83, "Combat_Bond_Profits":2794400, "Assassinations":5, "Assassination_Profits":3097159, "Highest_Single_Reward":0, "Skimmers_Killed":0, "OnFoot_Combat_Bonds":0, "OnFoot_Combat_Bonds_Profits":0, "OnFoot_Vehicles_Destroyed":0, "OnFoot_Ships_Destroyed":0, "Dropships_Taken":0, "Dropships_Booked":0, "Dropships_Cancelled":0, "ConflictZone_High":0, "ConflictZone_Medium":0, "ConflictZone_Low":0, "ConflictZone_Total":0, "ConflictZone_High_Wins":0, "ConflictZone_Medium_Wins":0, "ConflictZone_Low_Wins":0, "ConflictZone_Total_Wins":0, "Settlement_Defended":0, "Settlement_Conquered":0, "OnFoot_Skimmers_Killed":0, "OnFoot_Scavs_Killed":0 }, "Crime":{ "Notoriety":0, "Fines":86, "Total_Fines":797986, "Bounties_Received":154, "Total_Bounties":367060, "Highest_Bounty":12000, "Malware_Uploaded":0, "Settlements_State_Shutdown":0, "Production_Sabotage":0, "Production_Theft":0, "Total_Murders":0, "Citizens_Murdered":0, "Omnipol_Murdered":0, "Guards_Murdered":0, "Data_Stolen":0, "Goods_Stolen":0, "Sample_Stolen":0, "Total_Stolen":0, "Turrets_Destroyed":0, "Turrets_Overloaded":0, "Turrets_Total":0, "Value_Stolen_StateChange":0, "Profiles_Cloned":0 }, "Smuggling":{ "Black_Markets_Traded_With":14, "Black_Markets_Profits":4052802, "Resources_Smuggled":414, "Average_Profit":238400.11764706, "Highest_Single_Transaction":544374 }, "Trading":{ "Markets_Traded_With":47, "Market_Profits":374300400, "Resources_Traded":218390, "Average_Profit":684278.61060329, "Highest_Single_Transaction":1747904, "Data_Sold":0, "Goods_Sold":0, "Assets_Sold":0 }, "Mining":{ "Mining_Profits":0, "Quantity_Mined":0, "Materials_Collected":370 }, "Exploration":{ "Systems_Visited":1206, "Exploration_Profits":3470114, "Planets_Scanned_To_Level_2":96, "Planets_Scanned_To_Level_3":0, "Efficient_Scans":0, "Highest_Payout":73473, "Total_Hyperspace_Distance":38983, "Total_Hyperspace_Jumps":2383, "Greatest_Distance_From_Start":936.98702840874, "Time_Played":1391040, "OnFoot_Distance_Travelled":0, "Shuttle_Journeys":0, "Shuttle_Distance_Travelled":0, "Spent_On_Shuttles":0, "First_Footfalls":0, "Planet_Footfalls":0, "Settlements_Visited":0 }, "Passengers":{ "Passengers_Missions_Bulk":0, "Passengers_Missions_VIP":0, "Passengers_Missions_Delivered":0, "Passengers_Missions_Ejected":0 }, "Search_And_Rescue":{ "SearchRescue_Traded":0, "SearchRescue_Profit":0, "SearchRescue_Count":0, "Salvage_Legal_POI":0, "Salvage_Legal_Settlements":0, "Salvage_Illegal_POI":0, "Salvage_Illegal_Settlements":0, "Maglocks_Opened":0, "Panels_Opened":0, "Settlements_State_FireOut":0, "Settlements_State_Reboot":0 }, "Squadron":{ "Squadron_Bank_Credits_Deposited":0, "Squadron_Bank_Credits_Withdrawn":0, "Squadron_Bank_Commodities_Deposited_Num":0, "Squadron_Bank_Commodities_Deposited_Value":0, "Squadron_Bank_Commodities_Withdrawn_Num":0, "Squadron_Bank_Commodities_Withdrawn_Value":0, "Squadron_Bank_PersonalAssets_Deposited_Num":0, "Squadron_Bank_PersonalAssets_Deposited_Value":0, "Squadron_Bank_PersonalAssets_Withdrawn_Num":0, "Squadron_Bank_PersonalAssets_Withdrawn_Value":0, "Squadron_Bank_Ships_Deposited_Num":0, "Squadron_Bank_Ships_Deposited_Value":0, "Squadron_Leaderboard_aegis_highestcontribution":0, "Squadron_Leaderboard_bgs_highestcontribution":0, "Squadron_Leaderboard_bounty_highestcontribution":0, "Squadron_Leaderboard_colonisation_contribution_highestcontribution":0, "Squadron_Leaderboard_combat_highestcontribution":0, "Squadron_Leaderboard_cqc_highestcontribution":0, "Squadron_Leaderboard_exploration_highestcontribution":0, "Squadron_Leaderboard_mining_highestcontribution":0, "Squadron_Leaderboard_powerplay_highestcontribution":0, "Squadron_Leaderboard_trade_highestcontribution":0, "Squadron_Leaderboard_trade_illicit_highestcontribution":0, "Squadron_Leaderboard_podiums":0 }, "Crafting":{ "Count_Of_Used_Engineers":1, "Recipes_Generated":19, "Recipes_Generated_Rank_1":6, "Recipes_Generated_Rank_2":4, "Recipes_Generated_Rank_3":4, "Recipes_Generated_Rank_4":4, "Recipes_Generated_Rank_5":1, "Suit_Mods_Applied":0, "Weapon_Mods_Applied":0, "Suits_Upgraded":0, "Weapons_Upgraded":0, "Suits_Upgraded_Full":0, "Weapons_Upgraded_Full":0, "Suit_Mods_Applied_Full":0, "Weapon_Mods_Applied_Full":0 }, "Crew":{ "NpcCrew_TotalWages":0, "NpcCrew_Hired":0, "NpcCrew_Fired":0, "NpcCrew_Died":0 }, "Multicrew":{ "Multicrew_Time_Total":0, "Multicrew_Gunner_Time_Total":0, "Multicrew_Fighter_Time_Total":0, "Multicrew_Credits_Total":0, "Multicrew_Fines_Total":0 }, "Material_Trader_Stats":{ "Trades_Completed":18, "Materials_Traded":1621, "Raw_Materials_Traded":43, "Grade_1_Materials_Traded":1129, "Grade_2_Materials_Traded":221, "Grade_3_Materials_Traded":16, "Grade_4_Materials_Traded":208, "Grade_5_Materials_Traded":47, "Assets_Traded_In":0, "Assets_Traded_Out":0 }, "CQC":{ "CQC_Time_Played":0, "CQC_KD":0, "CQC_Kills":0, "CQC_WL":0 }, "Exobiology":{ "Organic_Genus_Encountered":0, "Organic_Species_Encountered":0, "Organic_Variant_Encountered":0, "Organic_Data_Profits":0, "Organic_Data":0, "First_Logged_Profits":0, "First_Logged":0, "Organic_Systems":0, "Organic_Planets":0, "Organic_Genus":0, "Organic_Species":0 } }
{ "timestamp":"2025-10-27T02:38:35Z", "event":"ReceiveText", "From":"", "Message":"$COMMS_entered:#name=Synuefe NL-N c23-4;", "Message_Localised":"Entered Channel: Synuefe NL-N c23-4", "Channel":"npc" }
{ "timestamp":"2025-10-27T02:38:35Z", "event":"FSSSignalDiscovered", "SystemAddress":1184840454858, "SignalName":"The End of Greatness B0M-LQK", "SignalType":"FleetCarrier", "IsStation":true }
{ "timestamp":"2025-10-27T02:38:35Z", "event":"FSSSignalDiscovered", "SystemAddress":1184840454858, "SignalName":"PRINCES OF RYWYNYAUC J9Q-35Y", "SignalType":"FleetCarrier", "IsStation":true }
{ "timestamp":"2025-10-27T02:38:35Z", "event":"FSSSignalDiscovered", "SystemAddress":1184840454858, "SignalName":"N.A.C. WYRMLING WNB-TXG", "SignalType":"FleetCarrier", "IsStation":true }
{ "timestamp":"2025-10-27T02:38:35Z", "event":"FSSSignalDiscovered", "SystemAddress":1184840454858, "SignalName":"GIRR JBK-B6Y", "SignalType":"FleetCarrier", "IsStation":true }
{ "timestamp":"2025-10-27T02:38:35Z", "event":"FSSSignalDiscovered", "SystemAddress":1184840454858, "SignalName":"GIVE ME A PUSH H2L-14H", "SignalType":"FleetCarrier", "IsStation":true }
{ "timestamp":"2025-10-27T02:38:35Z", "event":"FSSSignalDiscovered", "SystemAddress":1184840454858, "SignalName":"Rich Person's AspX FNZ-B1Z", "SignalType":"FleetCarrier", "IsStation":true }
{ "timestamp":"2025-10-27T02:38:35Z", "event":"FSSSignalDiscovered", "SystemAddress":1184840454858, "SignalName":"UMBRA IMPERIUM V3V-43H", "SignalType":"FleetCarrier", "IsStation":true }
{ "timestamp":"2025-10-27T02:38:35Z", "event":"FSSSignalDiscovered", "SystemAddress":1184840454858, "SignalName":"KOBAMARU'S DRAGON MAID FLG-L6Z", "SignalType":"FleetCarrier", "IsStation":true }
{ "timestamp":"2025-10-27T02:38:35Z", "event":"FSSSignalDiscovered", "SystemAddress":1184840454858, "SignalName":"REIGN OF ETERNITY MBT-21Z", "SignalType":"FleetCarrier", "IsStation":true }
{ "timestamp":"2025-10-27T02:38:35Z", "event":"FSSSignalDiscovered", "SystemAddress":1184840454858, "SignalName":"zvaigznu flote B1T-LXZ", "SignalType":"FleetCarrier", "IsStation":true }
{ "timestamp":"2025-10-27T02:38:35Z", "event":"FSSSignalDiscovered", "SystemAddress":1184840454858, "SignalName":"MALENIA T9Z-3KB", "SignalType":"FleetCarrier", "IsStation":true }
{ "timestamp":"2025-10-27T02:38:35Z", "event":"FSSSignalDiscovered", "SystemAddress":1184840454858, "SignalName":"AX BUG SQUASHER JHW-7QQ", "SignalType":"FleetCarrier", "IsStation":true }
{ "timestamp":"2025-10-27T02:38:35Z", "event":"FSSSignalDiscovered", "SystemAddress":1184840454858, "SignalName":"DEFIANT TZK-94F", "SignalType":"FleetCarrier", "IsStation":true }
{ "timestamp":"2025-10-27T02:38:35Z", "event":"FSSSignalDiscovered", "SystemAddress":1184840454858, "SignalName":"SWORD BASE N9V-9VZ", "SignalType":"FleetCarrier", "IsStation":true }
{ "timestamp":"2025-10-27T02:38:35Z", "event":"FSSSignalDiscovered", "SystemAddress":1184840454858, "SignalName":"SOUL OF HUMANKIND QZL-43V", "SignalType":"FleetCarrier", "IsStation":true }
{ "timestamp":"2025-10-27T02:38:35Z", "event":"FSSSignalDiscovered", "SystemAddress":1184840454858, "SignalName":"GRAND BLACK CATCHER JHY-75M", "SignalType":"FleetCarrier", "IsStation":true }
{ "timestamp":"2025-10-27T02:38:35Z", "event":"FSSSignalDiscovered", "SystemAddress":1184840454858, "SignalName":"ROBRITSCH T9Z-2KK", "SignalType":"FleetCarrier", "IsStation":true }
{ "timestamp":"2025-10-27T02:38:35Z", "event":"FSSSignalDiscovered", "SystemAddress":1184840454858, "SignalName":"PORTA-FROTA XBG-9VT", "SignalType":"FleetCarrier", "IsStation":true }
{ "timestamp":"2025-10-27T02:38:35Z", "event":"FSSSignalDiscovered", "SystemAddress":1184840454858, "SignalName":"MURTAUGH'S CLUB G1J-8QV", "SignalType":"FleetCarrier", "IsStation":true }
{ "timestamp":"2025-10-27T02:38:35Z", "event":"FSSSignalDiscovered", "SystemAddress":1184840454858, "SignalName":"TRITON  G7Q-TQZ", "SignalType":"FleetCarrier", "IsStation":true }
{ "timestamp":"2025-10-27T02:38:35Z", "event":"FSSSignalDiscovered", "SystemAddress":1184840454858, "SignalName":"FNS-YGGDRASIL G2K-83H", "SignalType":"FleetCarrier", "IsStation":true }
{ "timestamp":"2025-10-27T02:38:35Z", "event":"FSSSignalDiscovered", "SystemAddress":1184840454858, "SignalName":"YKE - DISCOvery H9Y-L7Q", "SignalType":"FleetCarrier", "IsStation":true }
{ "timestamp":"2025-10-27T02:38:35Z", "event":"FSSSignalDiscovered", "SystemAddress":1184840454858, "SignalName":"Icy Executor 7011 G7N-03L", "SignalType":"FleetCarrier", "IsStation":true }
{ "timestamp":"2025-10-27T02:38:35Z", "event":"FSSSignalDiscovered", "SystemAddress":1184840454858, "SignalName":"GForce (JK) WZL-N2J", "SignalType":"FleetCarrier", "IsStation":true }
{ "timestamp":"2025-10-27T02:38:35Z", "event":"FSSSignalDiscovered", "SystemAddress":1184840454858, "SignalName":"GOTH EATEN Q3N-88Z", "SignalType":"FleetCarrier", "IsStation":true }
{ "timestamp":"2025-10-27T02:38:35Z", "event":"FSSSignalDiscovered", "SystemAddress":1184840454858, "SignalName":"BR1CKT0P'S TAXI MNT-L4Z", "SignalType":"FleetCarrier", "IsStation":true }
{ "timestamp":"2025-10-27T02:38:35Z", "event":"FSSSignalDiscovered", "SystemAddress":1184840454858, "SignalName":"SKYFATHER CORP. G0X-0XT", "SignalType":"FleetCarrier", "IsStation":true }
{ "timestamp":"2025-10-27T02:38:35Z", "event":"FSSSignalDiscovered", "SystemAddress":1184840454858, "SignalName":"DARK SABRE G3K-20X", "SignalType":"FleetCarrier", "IsStation":true }
{ "timestamp":"2025-10-27T02:38:35Z", "event":"FSSSignalDiscovered", "SystemAddress":1184840454858, "SignalName":"DARKHALL V3L-G0H", "SignalType":"FleetCarrier", "IsStation":true }
{ "timestamp":"2025-10-27T02:38:35Z", "event":"Location", "DistFromStarLS":1661.622139, "Docked":true, "StationName":"FNZ-B1Z", "StationType":"FleetCarrier", "MarketID":3702012672, "StationFaction":{ "Name":"FleetCarrier" }, "StationGovernment":"$government_Carrier;", "StationGovernment_Localised":"Private Ownership", "StationServices":[ "dock", "autodock", "commodities", "contacts", "crewlounge", "engineer", "flightcontroller", "stationoperations", "stationMenu", "carriermanagement", "carrierfuel", "socialspace" ], "StationEconomy":"$economy_Carrier;", "StationEconomy_Localised":"Private Enterprise", "StationEconomies":[ { "Name":"$economy_Carrier;", "Name_Localised":"Private Enterprise", "Proportion":1.000000 } ], "Taxi":false, "Multicrew":false, "StarSystem":"Synuefe NL-N c23-4", "SystemAddress":1184840454858, "StarPos":[860.12500,-124.59375,-61.06250], "SystemAllegiance":"Guardian", "SystemEconomy":"$economy_None;", "SystemEconomy_Localised":"None", "SystemSecondEconomy":"$economy_None;", "SystemSecondEconomy_Localised":"None", "SystemGovernment":"$government_None;", "SystemGovernment_Localised":"None", "SystemSecurity":"$GAlAXY_MAP_INFO_state_anarchy;", "SystemSecurity_Localised":"Anarchy", "Population":0, "Body":"Synuefe NL-N c23-4 B 3", "BodyID":18, "BodyType":"Planet" }
{ "timestamp":"2025-10-27T02:38:35Z", "event":"Music", "MusicTrack":"NoTrack" }
{ "timestamp":"2025-10-27T02:38:35Z", "event":"ShipLocker", "Items":[  ], "Components":[  ], "Consumables":[  ], "Data":[  ] }
{ "timestamp":"2025-10-27T02:38:35Z", "event":"Missions", "Active":[  ], "Failed":[ { "MissionID":1033499675, "Name":"Mission_Massacre_name", "PassengerMission":false, "Expires":0 } ], "Complete":[  ] }
{ "timestamp":"2025-10-27T02:38:35Z", "event":"SAASignalsFound", "BodyName":"Synuefe NL-N c23-4 B 3", "SystemAddress":1184840454858, "BodyID":18, "Signals":[ { "Type":"$SAA_SignalType_Guardian;", "Type_Localised":"Guardian", "Count":4 }, { "Type":"$SAA_SignalType_Human;", "Type_Localised":"Human", "Count":13 } ], "Genuses":[  ] }
{ "timestamp":"2025-10-27T02:38:35Z", "event":"Loadout", "Ship":"asp", "ShipID":6, "ShipName":" ", "ShipIdent":"VI-17A", "HullValue":6135160, "ModulesValue":37371182, "HullHealth":1.000000, "UnladenMass":349.299988, "CargoCapacity":8, "MaxJumpRange":53.145966, "FuelCapacity":{ "Main":48.000000, "Reserve":0.630000 }, "Rebuy":2175319, "Modules":[ { "Slot":"TinyHardpoint1", "Item":"hpt_cloudscanner_size0_class4", "On":true, "Priority":0, "Health":1.000000, "Value":365698 }, { "Slot":"Armour", "Item":"asp_armour_grade1", "On":true, "Priority":1, "Health":1.000000 }, { "Slot":"PowerPlant", "Item":"int_powerplant_size4_class5", "On":true, "Priority":1, "Health":1.000000, "Value":1610080 }, { "Slot":"MainEngines", "Item":"int_engine_size4_class2", "On":true, "Priority":0, "Health":1.000000, "Value":59633 }, { "Slot":"FrameShiftDrive", "Item":"int_hyperdrive_size5_class5", "On":true, "Priority":0, "Health":1.000000, "Value":5103953, "Engineering":{ "Engineer":"Elvira Martuuk", "EngineerID":300160, "BlueprintID":128673694, "BlueprintName":"FSD_LongRange", "Level":5, "Quality":0.200000, "ExperimentalEffect":"special_fsd_heavy", "ExperimentalEffect_Localised":"Mass Manager", "Modifiers":[ { "Label":"Mass", "Value":26.000000, "OriginalValue":20.000000, "LessIsGood":1 }, { "Label":"Integrity", "Value":93.840004, "OriginalValue":120.000000, "LessIsGood":0 }, { "Label":"PowerDraw", "Value":0.690000, "OriginalValue":0.600000, "LessIsGood":1 }, { "Label":"FSDOptimalMass", "Value":1605.239990, "OriginalValue":1050.000000, "LessIsGood":0 } ] } }, { "Slot":"LifeSupport", "Item":"int_lifesupport_size4_class2", "On":true, "Priority":0, "Health":1.000000, "Value":28373 }, { "Slot":"PowerDistributor", "Item":"int_powerdistributor_size4_class5", "On":true, "Priority":0, "Health":1.000000, "Value":443328 }, { "Slot":"Radar", "Item":"int_sensors_size5_class2", "On":true, "Priority":0, "Health":1.000000, "Value":79444 }, { "Slot":"FuelTank", "Item":"int_fueltank_size4_class3", "On":true, "Priority":1, "Health":1.000000, "Value":24734 }, { "Slot":"Slot01_Size6", "Item":"int_fuelscoop_size6_class5", "On":true, "Priority":0, "Health":1.000000, "Value":28763610 }, { "Slot":"Slot02_Size5", "Item":"int_fueltank_size5_class3", "On":true, "Priority":1, "Health":1.000000, "Value":97754 }, { "Slot":"Slot03_Size3", "Item":"int_detailedsurfacescanner_tiny", "On":true, "Priority":0, "Health":1.000000, "Value":250000 }, { "Slot":"Slot04_Size3", "Item":"int_shieldgenerator_size3_class5", "On":true, "Priority":0, "Health":1.000000, "Value":507912 }, { "Slot":"Slot05_Size3", "Item":"int_cargorack_size3_class1", "On":true, "Priority":1, "Health":1.000000, "Value":10563 }, { "Slot":"Slot06_Size2", "Item":"int_dockingcomputer_standard", "On":true, "Priority":0, "Health":1.000000, "Value":4500 }, { "Slot":"Slot07_Size2", "Item":"int_buggybay_size2_class2", "On":true, "Priority":0, "Health":1.000000, "Value":21600 }, { "Slot":"PlanetaryApproachSuite", "Item":"int_planetapproachsuite_advanced", "On":true, "Priority":1, "Health":1.000000 }, { "Slot":"VesselVoice", "Item":"voicepack_verity", "On":true, "Priority":1, "Health":1.000000 }, { "Slot":"ShipCockpit", "Item":"asp_cockpit", "On":true, "Priority":1, "Health":1.000000 }, { "Slot":"CargoHatch", "Item":"modularcargobaydoor", "On":true, "Priority":1, "Health":1.000000 } ] }
{ "timestamp":"2025-10-27T02:38:35Z", "event":"Music", "MusicTrack":"Exploration" }
{ "timestamp":"2025-10-27T02:38:35Z", "event":"Music", "MusicTrack":"NoTrack" }
{ "timestamp":"2025-10-27T02:38:37Z", "event":"Cargo", "Vessel":"Ship", "Count":0, "Inventory":[  ] }
{ "timestamp":"2025-10-27T02:38:42Z", "event":"Music", "MusicTrack":"SystemMap" }
{ "timestamp":"2025-10-27T02:38:53Z", "event":"Music", "MusicTrack":"NoTrack" }
{ "timestamp":"2025-10-27T02:39:12Z", "event":"Undocked", "StationName":"FNZ-B1Z", "StationType":"FleetCarrier", "MarketID":3702012672, "Taxi":false, "Multicrew":false }
{ "timestamp":"2025-10-27T02:39:17Z", "event":"ReceiveText", "From":"Rich Person's AspX FNZ-B1Z", "Message":"$DockingPadBlockWarningComms;", "Message_Localised":"Loitering infraction detected, clear pad approach immediately to avoid lethal response", "Channel":"npc" }
{ "timestamp":"2025-10-27T02:39:19Z", "event":"ReceiveText", "From":"Rich Person's AspX FNZ-B1Z", "Message":"$DockingOffenceCleared;", "Message_Localised":"Starport infractions cleared, docking privileges restored.", "Channel":"npc" }
{ "timestamp":"2025-10-27T02:39:53Z", "event":"ReceiveText", "From":"Rich Person's AspX FNZ-B1Z", "Message":"$STATION_NoFireZone_exited;", "Message_Localised":"No fire zone exited.", "Channel":"npc" }
{ "timestamp":"2025-10-27T02:40:33Z", "event":"StartJump", "JumpType":"Supercruise", "Taxi":false }
{ "timestamp":"2025-10-27T02:40:38Z", "event":"SupercruiseEntry", "Taxi":false, "Multicrew":false, "StarSystem":"Synuefe NL-N c23-4", "SystemAddress":1184840454858 }
{ "timestamp":"2025-10-27T02:40:38Z", "event":"ShipLocker", "Items":[  ], "Components":[  ], "Consumables":[  ], "Data":[  ] }
{ "timestamp":"2025-10-27T02:40:38Z", "event":"Music", "MusicTrack":"Supercruise" }
{ "timestamp":"2025-10-27T02:41:06Z", "event":"ApproachBody", "StarSystem":"Synuefe NL-N c23-4", "SystemAddress":1184840454858, "Body":"Synuefe NL-N c23-4 B 3", "BodyID":18 }
{ "timestamp":"2025-10-27T02:42:18Z", "event":"SupercruiseExit", "Taxi":false, "Multicrew":false, "StarSystem":"Synuefe NL-N c23-4", "SystemAddress":1184840454858, "Body":"Synuefe NL-N c23-4 B 3", "BodyID":18, "BodyType":"Planet" }
{ "timestamp":"2025-10-27T02:42:18Z", "event":"ShipLocker", "Items":[  ], "Components":[  ], "Consumables":[  ], "Data":[  ] }
{ "timestamp":"2025-10-27T02:42:18Z", "event":"Music", "MusicTrack":"Exploration" }
{ "timestamp":"2025-10-27T02:42:24Z", "event":"ApproachSettlement", "Name":"$Ancient:#index=2;", "Name_Localised":"Ancient Ruins (2)", "SystemAddress":1184840454858, "BodyID":18, "BodyName":"Synuefe NL-N c23-4 B 3", "Latitude":-30.544333, "Longitude":-24.205046 }
{ "timestamp":"2025-10-27T02:44:26Z", "event":"Music", "MusicTrack":"GuardianSites" }
{ "timestamp":"2025-10-27T02:45:19Z", "event":"Touchdown", "PlayerControlled":true, "Taxi":false, "Multicrew":false, "StarSystem":"Synuefe NL-N c23-4", "SystemAddress":1184840454858, "Body":"Synuefe NL-N c23-4 B 3", "BodyID":18, "OnStation":false, "OnPlanet":true, "Latitude":-30.591797, "Longitude":-24.197577, "NearestDestination":"$Ancient:#index=2;", "NearestDestination_Localised":"Ancient Ruins (2)" }
{ "timestamp":"2025-10-27T02:45:25Z", "event":"LaunchSRV", "SRVType":"testbuggy", "SRVType_Localised":"SRV Scarab", "Loadout":"starter", "ID":8, "PlayerControlled":true }
{ "timestamp":"2025-10-27T02:45:34Z", "event":"ShipLocker", "Items":[  ], "Components":[  ], "Consumables":[  ], "Data":[  ] }
{ "timestamp":"2025-10-27T02:45:37Z", "event":"Cargo", "Vessel":"SRV", "Count":0 }
{ "timestamp":"2025-10-27T02:47:45Z", "event":"ShipLocker" }
{ "timestamp":"2025-10-27T02:47:46Z", "event":"MaterialCollected", "Category":"Raw", "Name":"iron", "Count":3 }
{ "timestamp":"2025-10-27T02:47:51Z", "event":"ShipLocker" }
{ "timestamp":"2025-10-27T02:47:51Z", "event":"MaterialDiscovered", "Category":"Raw", "Name":"phosphorus", "DiscoveryNumber":9 }
{ "timestamp":"2025-10-27T02:47:51Z", "event":"MaterialCollected", "Category":"Raw", "Name":"phosphorus", "Count":3 }
{ "timestamp":"2025-10-27T02:47:57Z", "event":"ShipLocker" }
{ "timestamp":"2025-10-27T02:47:58Z", "event":"MaterialDiscovered", "Category":"Raw", "Name":"zinc", "DiscoveryNumber":10 }
{ "timestamp":"2025-10-27T02:47:58Z", "event":"MaterialCollected", "Category":"Raw", "Name":"zinc", "Count":3 }
{ "timestamp":"2025-10-27T02:48:07Z", "event":"ShipLocker" }
{ "timestamp":"2025-10-27T02:48:07Z", "event":"MaterialDiscovered", "Category":"Raw", "Name":"sulphur", "DiscoveryNumber":11 }
{ "timestamp":"2025-10-27T02:48:07Z", "event":"MaterialCollected", "Category":"Raw", "Name":"sulphur", "Count":3 }
{ "timestamp":"2025-10-27T02:48:11Z", "event":"ShipLocker" }
{ "timestamp":"2025-10-27T02:48:11Z", "event":"MaterialDiscovered", "Category":"Raw", "Name":"carbon", "DiscoveryNumber":12 }
{ "timestamp":"2025-10-27T02:48:11Z", "event":"MaterialCollected", "Category":"Raw", "Name":"carbon", "Count":3 }
{ "timestamp":"2025-10-27T02:52:12Z", "event":"CollectCargo", "Type":"AncientRelic", "Type_Localised":"Guardian Relic", "Stolen":false }
{ "timestamp":"2025-10-27T02:52:15Z", "event":"Cargo", "Vessel":"SRV", "Count":1 }
{ "timestamp":"2025-10-27T02:55:05Z", "event":"CollectCargo", "Type":"ancienttotem", "Type_Localised":"Guardian Totem", "Stolen":false }
{ "timestamp":"2025-10-27T02:55:07Z", "event":"Cargo", "Vessel":"SRV", "Count":2 }
{ "timestamp":"2025-10-27T03:01:47Z", "event":"ModuleInfo" }
{ "timestamp":"2025-10-27T03:08:25Z", "event":"ModuleInfo" }
{ "timestamp":"2025-10-27T03:10:51Z", "event":"CollectCargo", "Type":"AncientRelic", "Type_Localised":"Guardian Relic", "Stolen":false }
{ "timestamp":"2025-10-27T03:10:54Z", "event":"Cargo", "Vessel":"SRV", "Count":3 }
{ "timestamp":"2025-10-27T03:11:53Z", "event":"CollectCargo", "Type":"AncientRelic", "Type_Localised":"Guardian Relic", "Stolen":false }
{ "timestamp":"2025-10-27T03:11:56Z", "event":"Cargo", "Vessel":"SRV", "Count":4 }
{ "timestamp":"2025-10-27T03:19:42Z", "event":"ShipLocker" }
{ "timestamp":"2025-10-27T03:19:42Z", "event":"MaterialDiscovered", "Category":"Encoded", "Name":"ancienthistoricaldata", "Name_Localised":"Pattern Gamma Obelisk Data", "DiscoveryNumber":14 }
{ "timestamp":"2025-10-27T03:19:42Z", "event":"MaterialCollected", "Category":"Encoded", "Name":"ancienthistoricaldata", "Name_Localised":"Pattern Gamma Obelisk Data", "Count":3 }
{ "timestamp":"2025-10-27T03:19:42Z", "event":"MaterialDiscovered", "Category":"Encoded", "Name":"ancientbiologicaldata", "Name_Localised":"Pattern Alpha Obelisk Data", "DiscoveryNumber":15 }
{ "timestamp":"2025-10-27T03:19:42Z", "event":"MaterialCollected", "Category":"Encoded", "Name":"ancientbiologicaldata", "Name_Localised":"Pattern Alpha Obelisk Data", "Count":3 }
{ "timestamp":"2025-10-27T03:20:21Z", "event":"ShipLocker" }
{ "timestamp":"2025-10-27T03:20:21Z", "event":"MaterialDiscovered", "Category":"Encoded", "Name":"ancientculturaldata", "Name_Localised":"Pattern Beta Obelisk Data", "DiscoveryNumber":16 }
{ "timestamp":"2025-10-27T03:20:21Z", "event":"MaterialCollected", "Category":"Encoded", "Name":"ancientculturaldata", "Name_Localised":"Pattern Beta Obelisk Data", "Count":3 }
{ "timestamp":"2025-10-27T03:20:22Z", "event":"MaterialDiscovered", "Category":"Encoded", "Name":"ancientlanguagedata", "Name_Localised":"Pattern Delta Obelisk Data", "DiscoveryNumber":17 }
{ "timestamp":"2025-10-27T03:20:22Z", "event":"MaterialCollected", "Category":"Encoded", "Name":"ancientlanguagedata", "Name_Localised":"Pattern Delta Obelisk Data", "Count":3 }
{ "timestamp":"2025-10-27T03:22:34Z", "event":"ShipLocker" }
{ "timestamp":"2025-10-27T03:22:34Z", "event":"MaterialCollected", "Category":"Encoded", "Name":"ancientbiologicaldata", "Name_Localised":"Pattern Alpha Obelisk Data", "Count":3 }
{ "timestamp":"2025-10-27T03:22:35Z", "event":"MaterialCollected", "Category":"Encoded", "Name":"ancientbiologicaldata", "Name_Localised":"Pattern Alpha Obelisk Data", "Count":3 }
{ "timestamp":"2025-10-27T03:31:20Z", "event":"HullDamage", "Health":0.787649, "PlayerPilot":true }
{ "timestamp":"2025-10-27T03:34:45Z", "event":"DockSRV", "SRVType":"testbuggy", "SRVType_Localised":"SRV Scarab", "ID":8 }
{ "timestamp":"2025-10-27T03:34:45Z", "event":"Loadout", "Ship":"asp", "ShipID":6, "ShipName":"", "ShipIdent":"VI-17A", "HullValue":6135160, "ModulesValue":37371182, "HullHealth":1.000000, "UnladenMass":349.299988, "CargoCapacity":8, "MaxJumpRange":53.145966, "FuelCapacity":{ "Main":48.000000, "Reserve":0.630000 }, "Rebuy":2175319, "Modules":[ { "Slot":"TinyHardpoint1", "Item":"hpt_cloudscanner_size0_class4", "On":true, "Priority":0, "Health":1.000000, "Value":365698 }, { "Slot":"Armour", "Item":"asp_armour_grade1", "On":true, "Priority":1, "Health":1.000000 }, { "Slot":"PowerPlant", "Item":"int_powerplant_size4_class5", "On":true, "Priority":1, "Health":1.000000, "Value":1610080 }, { "Slot":"MainEngines", "Item":"int_engine_size4_class2", "On":false, "Priority":0, "Health":1.000000, "Value":59633 }, { "Slot":"FrameShiftDrive", "Item":"int_hyperdrive_size5_class5", "On":true, "Priority":0, "Health":1.000000, "Value":5103953, "Engineering":{ "Engineer":"Elvira Martuuk", "EngineerID":300160, "BlueprintID":128673694, "BlueprintName":"FSD_LongRange", "Level":5, "Quality":0.200000, "ExperimentalEffect":"special_fsd_heavy", "ExperimentalEffect_Localised":"Mass Manager", "Modifiers":[ { "Label":"Mass", "Value":26.000000, "OriginalValue":20.000000, "LessIsGood":1 }, { "Label":"Integrity", "Value":93.840004, "OriginalValue":120.000000, "LessIsGood":0 }, { "Label":"PowerDraw", "Value":0.690000, "OriginalValue":0.600000, "LessIsGood":1 }, { "Label":"FSDOptimalMass", "Value":1605.239990, "OriginalValue":1050.000000, "LessIsGood":0 } ] } }, { "Slot":"LifeSupport", "Item":"int_lifesupport_size4_class2", "On":true, "Priority":0, "Health":1.000000, "Value":28373 }, { "Slot":"PowerDistributor", "Item":"int_powerdistributor_size4_class5", "On":true, "Priority":0, "Health":1.000000, "Value":443328 }, { "Slot":"Radar", "Item":"int_sensors_size5_class2", "On":true, "Priority":0, "Health":1.000000, "Value":79444 }, { "Slot":"FuelTank", "Item":"int_fueltank_size4_class3", "On":true, "Priority":1, "Health":1.000000, "Value":24734 }, { "Slot":"Slot01_Size6", "Item":"int_fuelscoop_size6_class5", "On":true, "Priority":0, "Health":1.000000, "Value":28763610 }, { "Slot":"Slot02_Size5", "Item":"int_fueltank_size5_class3", "On":true, "Priority":1, "Health":1.000000, "Value":97754 }, { "Slot":"Slot03_Size3", "Item":"int_detailedsurfacescanner_tiny", "On":true, "Priority":0, "Health":1.000000, "Value":250000 }, { "Slot":"Slot04_Size3", "Item":"int_shieldgenerator_size3_class5", "On":true, "Priority":0, "Health":1.000000, "Value":507912 }, { "Slot":"Slot05_Size3", "Item":"int_cargorack_size3_class1", "On":true, "Priority":1, "Health":1.000000, "Value":10563 }, { "Slot":"Slot06_Size2", "Item":"int_dockingcomputer_standard", "On":true, "Priority":0, "Health":1.000000, "Value":4500 }, { "Slot":"Slot07_Size2", "Item":"int_buggybay_size2_class2", "On":true, "Priority":0, "Health":1.000000, "Value":21600 }, { "Slot":"PlanetaryApproachSuite", "Item":"int_planetapproachsuite_advanced", "On":true, "Priority":1, "Health":1.000000 }, { "Slot":"VesselVoice", "Item":"voicepack_verity", "On":true, "Priority":1, "Health":1.000000 }, { "Slot":"ShipCockpit", "Item":"asp_cockpit", "On":true, "Priority":1, "Health":1.000000 }, { "Slot":"CargoHatch", "Item":"modularcargobaydoor", "On":true, "Priority":1, "Health":1.000000 } ] }
{ "timestamp":"2025-10-27T03:34:46Z", "event":"ShipLocker", "Items":[  ], "Components":[  ], "Consumables":[  ], "Data":[  ] }
{ "timestamp":"2025-10-27T03:34:49Z", "event":"Cargo", "Vessel":"Ship", "Count":4 }
{ "timestamp":"2025-10-27T03:34:50Z", "event":"Music", "MusicTrack":"SystemMap" }
{ "timestamp":"2025-10-27T03:35:18Z", "event":"Music", "MusicTrack":"GuardianSites" }
{ "timestamp":"2025-10-27T03:35:37Z", "event":"Liftoff", "PlayerControlled":true, "Taxi":false, "Multicrew":false, "StarSystem":"Synuefe NL-N c23-4", "SystemAddress":1184840454858, "Body":"Synuefe NL-N c23-4 B 3", "BodyID":18, "OnStation":false, "OnPlanet":true, "Latitude":-30.591797, "Longitude":-24.197577, "NearestDestination":"$Ancient:#index=2;", "NearestDestination_Localised":"Ancient Ruins (2)" }
{ "timestamp":"2025-10-27T03:36:01Z", "event":"Music", "MusicTrack":"Exploration" }
{ "timestamp":"2025-10-27T03:36:11Z", "event":"StartJump", "JumpType":"Supercruise", "Taxi":false }
{ "timestamp":"2025-10-27T03:36:16Z", "event":"SupercruiseEntry", "Taxi":false, "Multicrew":false, "StarSystem":"Synuefe NL-N c23-4", "SystemAddress":1184840454858 }
{ "timestamp":"2025-10-27T03:36:16Z", "event":"ShipLocker", "Items":[  ], "Components":[  ], "Consumables":[  ], "Data":[  ] }
{ "timestamp":"2025-10-27T03:36:16Z", "event":"Music", "MusicTrack":"Supercruise" }
{ "timestamp":"2025-10-27T03:37:17Z", "event":"LeaveBody", "StarSystem":"Synuefe NL-N c23-4", "SystemAddress":1184840454858, "Body":"Synuefe NL-N c23-4 B 3", "BodyID":18 }
{ "timestamp":"2025-10-27T03:38:12Z", "event":"ApproachBody", "StarSystem":"Synuefe NL-N c23-4", "SystemAddress":1184840454858, "Body":"Synuefe NL-N c23-4 B 3", "BodyID":18 }
{ "timestamp":"2025-10-27T03:39:02Z", "event":"ApproachSettlement", "Name":"$Ancient_Small_005:#index=1;", "Name_Localised":"Guardian Structure", "SystemAddress":1184840454858, "BodyID":18, "BodyName":"Synuefe NL-N c23-4 B 3", "Latitude":51.209953, "Longitude":89.097206 }
{ "timestamp":"2025-10-27T03:39:04Z", "event":"SupercruiseExit", "Taxi":false, "Multicrew":false, "StarSystem":"Synuefe NL-N c23-4", "SystemAddress":1184840454858, "Body":"Synuefe NL-N c23-4 B 3", "BodyID":18, "BodyType":"Planet" }
{ "timestamp":"2025-10-27T03:39:04Z", "event":"ShipLocker", "Items":[  ], "Components":[  ], "Consumables":[  ], "Data":[  ] }
{ "timestamp":"2025-10-27T03:39:04Z", "event":"Music", "MusicTrack":"Exploration" }
{ "timestamp":"2025-10-27T03:39:49Z", "event":"Music", "MusicTrack":"GuardianSites" }
{ "timestamp":"2025-10-27T03:40:47Z", "event":"Touchdown", "PlayerControlled":true, "Taxi":false, "Multicrew":false, "StarSystem":"Synuefe NL-N c23-4", "SystemAddress":1184840454858, "Body":"Synuefe NL-N c23-4 B 3", "BodyID":18, "OnStation":false, "OnPlanet":true, "Latitude":51.215111, "Longitude":89.103882, "NearestDestination":"$Ancient_Small_005:#index=1;", "NearestDestination_Localised":"Guardian Structure" }
{ "timestamp":"2025-10-27T03:40:57Z", "event":"LaunchSRV", "SRVType":"testbuggy", "SRVType_Localised":"SRV Scarab", "Loadout":"starter", "ID":8, "PlayerControlled":true }
{ "timestamp":"2025-10-27T03:41:06Z", "event":"ShipLocker", "Items":[  ], "Components":[  ], "Consumables":[  ], "Data":[  ] }
{ "timestamp":"2025-10-27T03:41:09Z", "event":"Cargo", "Vessel":"SRV", "Count":0 }
{ "timestamp":"2025-10-27T03:43:32Z", "event":"CollectCargo", "Type":"AncientRelic", "Type_Localised":"Guardian Relic", "Stolen":false }
{ "timestamp":"2025-10-27T03:43:35Z", "event":"Cargo", "Vessel":"SRV", "Count":1 }
{ "timestamp":"2025-10-27T03:43:46Z", "event":"UnderAttack", "Target":"You" }
{ "timestamp":"2025-10-27T03:43:46Z", "event":"UnderAttack", "Target":"You" }
{ "timestamp":"2025-10-27T03:43:46Z", "event":"UnderAttack", "Target":"You" }
{ "timestamp":"2025-10-27T03:43:47Z", "event":"UnderAttack", "Target":"You" }
{ "timestamp":"2025-10-27T03:43:47Z", "event":"UnderAttack", "Target":"You" }
{ "timestamp":"2025-10-27T03:43:47Z", "event":"UnderAttack", "Target":"You" }
{ "timestamp":"2025-10-27T03:43:48Z", "event":"UnderAttack", "Target":"You" }
{ "timestamp":"2025-10-27T03:43:48Z", "event":"UnderAttack", "Target":"You" }
{ "timestamp":"2025-10-27T03:43:49Z", "event":"UnderAttack", "Target":"You" }
{ "timestamp":"2025-10-27T03:43:49Z", "event":"UnderAttack", "Target":"You" }
{ "timestamp":"2025-10-27T03:43:49Z", "event":"UnderAttack", "Target":"You" }
{ "timestamp":"2025-10-27T03:43:49Z", "event":"UnderAttack", "Target":"You" }
{ "timestamp":"2025-10-27T03:43:50Z", "event":"UnderAttack", "Target":"You" }
{ "timestamp":"2025-10-27T03:43:50Z", "event":"UnderAttack", "Target":"You" }
{ "timestamp":"2025-10-27T03:44:16Z", "event":"ShipTargeted", "TargetLocked":true, "Ship":"asp", "Ship_Localised":"Asp Explorer", "ScanStage":0 }
{ "timestamp":"2025-10-27T03:44:16Z", "event":"ShipTargeted", "TargetLocked":true, "Ship":"asp", "Ship_Localised":"Asp Explorer", "ScanStage":3, "PilotName":"$RolePanel2_unmanned; $cmdr_decorate:#name=Villunus;", "PilotName_Localised":"unmanned CMDR Villunus", "PilotRank":"Dangerous", "ShieldHealth":93.455917, "HullHealth":100.000000, "LegalStatus":"Lawless" }
{ "timestamp":"2025-10-27T03:44:24Z", "event":"UnderAttack", "Target":"You" }
{ "timestamp":"2025-10-27T03:44:24Z", "event":"UnderAttack", "Target":"You" }
{ "timestamp":"2025-10-27T03:44:24Z", "event":"UnderAttack", "Target":"You" }
{ "timestamp":"2025-10-27T03:44:25Z", "event":"UnderAttack", "Target":"You" }
{ "timestamp":"2025-10-27T03:44:25Z", "event":"UnderAttack", "Target":"You" }
{ "timestamp":"2025-10-27T03:44:26Z", "event":"UnderAttack", "Target":"You" }
{ "timestamp":"2025-10-27T03:44:26Z", "event":"UnderAttack", "Target":"You" }
{ "timestamp":"2025-10-27T03:44:26Z", "event":"UnderAttack", "Target":"You" }
{ "timestamp":"2025-10-27T03:44:26Z", "event":"UnderAttack", "Target":"You" }
{ "timestamp":"2025-10-27T03:44:27Z", "event":"UnderAttack", "Target":"You" }
{ "timestamp":"2025-10-27T03:44:27Z", "event":"UnderAttack", "Target":"You" }
{ "timestamp":"2025-10-27T03:44:28Z", "event":"UnderAttack", "Target":"You" }
{ "timestamp":"2025-10-27T03:44:28Z", "event":"UnderAttack", "Target":"You" }
{ "timestamp":"2025-10-27T03:44:28Z", "event":"ShipTargeted", "TargetLocked":false }
{ "timestamp":"2025-10-27T03:45:08Z", "event":"ShipLocker" }
{ "timestamp":"2025-10-27T03:45:08Z", "event":"MaterialDiscovered", "Category":"Manufactured", "Name":"guardian_sentinel_weaponparts", "Name_Localised":"Guardian Sentinel Weapon Parts", "DiscoveryNumber":7 }
{ "timestamp":"2025-10-27T03:45:08Z", "event":"MaterialCollected", "Category":"Manufactured", "Name":"guardian_sentinel_weaponparts", "Name_Localised":"Guardian Sentinel Weapon Parts", "Count":3 }
{ "timestamp":"2025-10-27T03:45:10Z", "event":"ShipLocker" }
{ "timestamp":"2025-10-27T03:45:10Z", "event":"MaterialDiscovered", "Category":"Manufactured", "Name":"guardian_sentinel_wreckagecomponents", "Name_Localised":"Guardian Wreckage Components", "DiscoveryNumber":8 }
{ "timestamp":"2025-10-27T03:45:10Z", "event":"MaterialCollected", "Category":"Manufactured", "Name":"guardian_sentinel_wreckagecomponents", "Name_Localised":"Guardian Wreckage Components", "Count":3 }
{ "timestamp":"2025-10-27T03:45:20Z", "event":"ShipLocker" }
{ "timestamp":"2025-10-27T03:45:20Z", "event":"MaterialCollected", "Category":"Manufactured", "Name":"guardian_sentinel_weaponparts", "Name_Localised":"Guardian Sentinel Weapon Parts", "Count":3 }
{ "timestamp":"2025-10-27T03:45:51Z", "event":"DockSRV", "SRVType":"testbuggy", "SRVType_Localised":"SRV Scarab", "ID":8 }
{ "timestamp":"2025-10-27T03:45:51Z", "event":"Loadout", "Ship":"asp", "ShipID":6, "ShipName":"", "ShipIdent":"VI-17A", "HullValue":6135160, "ModulesValue":37371182, "HullHealth":1.000000, "UnladenMass":349.299988, "CargoCapacity":8, "MaxJumpRange":53.145966, "FuelCapacity":{ "Main":48.000000, "Reserve":0.630000 }, "Rebuy":2175319, "Modules":[ { "Slot":"TinyHardpoint1", "Item":"hpt_cloudscanner_size0_class4", "On":true, "Priority":0, "Health":1.000000, "Value":365698 }, { "Slot":"Armour", "Item":"asp_armour_grade1", "On":true, "Priority":1, "Health":1.000000 }, { "Slot":"PowerPlant", "Item":"int_powerplant_size4_class5", "On":true, "Priority":1, "Health":1.000000, "Value":1610080 }, { "Slot":"MainEngines", "Item":"int_engine_size4_class2", "On":false, "Priority":0, "Health":1.000000, "Value":59633 }, { "Slot":"FrameShiftDrive", "Item":"int_hyperdrive_size5_class5", "On":true, "Priority":0, "Health":1.000000, "Value":5103953, "Engineering":{ "Engineer":"Elvira Martuuk", "EngineerID":300160, "BlueprintID":128673694, "BlueprintName":"FSD_LongRange", "Level":5, "Quality":0.200000, "ExperimentalEffect":"special_fsd_heavy", "ExperimentalEffect_Localised":"Mass Manager", "Modifiers":[ { "Label":"Mass", "Value":26.000000, "OriginalValue":20.000000, "LessIsGood":1 }, { "Label":"Integrity", "Value":93.840004, "OriginalValue":120.000000, "LessIsGood":0 }, { "Label":"PowerDraw", "Value":0.690000, "OriginalValue":0.600000, "LessIsGood":1 }, { "Label":"FSDOptimalMass", "Value":1605.239990, "OriginalValue":1050.000000, "LessIsGood":0 } ] } }, { "Slot":"LifeSupport", "Item":"int_lifesupport_size4_class2", "On":true, "Priority":0, "Health":1.000000, "Value":28373 }, { "Slot":"PowerDistributor", "Item":"int_powerdistributor_size4_class5", "On":true, "Priority":0, "Health":1.000000, "Value":443328 }, { "Slot":"Radar", "Item":"int_sensors_size5_class2", "On":true, "Priority":0, "Health":1.000000, "Value":79444 }, { "Slot":"FuelTank", "Item":"int_fueltank_size4_class3", "On":true, "Priority":1, "Health":1.000000, "Value":24734 }, { "Slot":"Slot01_Size6", "Item":"int_fuelscoop_size6_class5", "On":true, "Priority":0, "Health":1.000000, "Value":28763610 }, { "Slot":"Slot02_Size5", "Item":"int_fueltank_size5_class3", "On":true, "Priority":1, "Health":1.000000, "Value":97754 }, { "Slot":"Slot03_Size3", "Item":"int_detailedsurfacescanner_tiny", "On":true, "Priority":0, "Health":1.000000, "Value":250000 }, { "Slot":"Slot04_Size3", "Item":"int_shieldgenerator_size3_class5", "On":true, "Priority":0, "Health":1.000000, "Value":507912 }, { "Slot":"Slot05_Size3", "Item":"int_cargorack_size3_class1", "On":true, "Priority":1, "Health":1.000000, "Value":10563 }, { "Slot":"Slot06_Size2", "Item":"int_dockingcomputer_standard", "On":true, "Priority":0, "Health":1.000000, "Value":4500 }, { "Slot":"Slot07_Size2", "Item":"int_buggybay_size2_class2", "On":true, "Priority":0, "Health":1.000000, "Value":21600 }, { "Slot":"PlanetaryApproachSuite", "Item":"int_planetapproachsuite_advanced", "On":true, "Priority":1, "Health":1.000000 }, { "Slot":"VesselVoice", "Item":"voicepack_verity", "On":true, "Priority":1, "Health":1.000000 }, { "Slot":"ShipCockpit", "Item":"asp_cockpit", "On":true, "Priority":1, "Health":1.000000 }, { "Slot":"CargoHatch", "Item":"modularcargobaydoor", "On":true, "Priority":1, "Health":1.000000 } ] }
{ "timestamp":"2025-10-27T03:45:52Z", "event":"ShipLocker", "Items":[  ], "Components":[  ], "Consumables":[  ], "Data":[  ] }
{ "timestamp":"2025-10-27T03:45:55Z", "event":"Cargo", "Vessel":"Ship", "Count":5 }
{ "timestamp":"2025-10-27T03:46:00Z", "event":"LaunchSRV", "SRVType":"testbuggy", "SRVType_Localised":"SRV Scarab", "Loadout":"starter", "ID":8, "PlayerControlled":true }
{ "timestamp":"2025-10-27T03:46:09Z", "event":"ShipLocker", "Items":[  ], "Components":[  ], "Consumables":[  ], "Data":[  ] }
{ "timestamp":"2025-10-27T03:46:12Z", "event":"Cargo", "Vessel":"SRV", "Count":0 }
{ "timestamp":"2025-10-27T03:47:24Z", "event":"CollectCargo", "Type":"ancienttotem", "Type_Localised":"Guardian Totem", "Stolen":false }
{ "timestamp":"2025-10-27T03:47:27Z", "event":"Cargo", "Vessel":"SRV", "Count":1 }
{ "timestamp":"2025-10-27T03:49:24Z", "event":"ShipLocker" }
{ "timestamp":"2025-10-27T03:49:24Z", "event":"MaterialDiscovered", "Category":"Manufactured", "Name":"guardian_powerconduit", "Name_Localised":"Guardian Power Conduit", "DiscoveryNumber":9 }
{ "timestamp":"2025-10-27T03:49:24Z", "event":"MaterialCollected", "Category":"Manufactured", "Name":"guardian_powerconduit", "Name_Localised":"Guardian Power Conduit", "Count":3 }
{ "timestamp":"2025-10-27T03:50:24Z", "event":"CollectCargo", "Type":"AncientRelic", "Type_Localised":"Guardian Relic", "Stolen":false }
{ "timestamp":"2025-10-27T03:50:27Z", "event":"Cargo", "Vessel":"SRV", "Count":2 }
{ "timestamp":"2025-10-27T03:51:14Z", "event":"ShipLocker" }
{ "timestamp":"2025-10-27T03:51:14Z", "event":"MaterialDiscovered", "Category":"Manufactured", "Name":"guardian_powercell", "Name_Localised":"Guardian Power Cell", "DiscoveryNumber":10 }
{ "timestamp":"2025-10-27T03:51:14Z", "event":"MaterialCollected", "Category":"Manufactured", "Name":"guardian_powercell", "Name_Localised":"Guardian Power Cell", "Count":3 }
{ "timestamp":"2025-10-27T03:51:44Z", "event":"ShipLocker" }
{ "timestamp":"2025-10-27T03:51:44Z", "event":"MaterialCollected", "Category":"Manufactured", "Name":"guardian_powercell", "Name_Localised":"Guardian Power Cell", "Count":3 }
{ "timestamp":"2025-10-27T03:52:52Z", "event":"ShipTargeted", "TargetLocked":true, "Ship":"asp", "Ship_Localised":"Asp Explorer", "ScanStage":0 }
{ "timestamp":"2025-10-27T03:52:52Z", "event":"ShipTargeted", "TargetLocked":true, "Ship":"asp", "Ship_Localised":"Asp Explorer", "ScanStage":3, "PilotName":"$RolePanel2_unmanned; $cmdr_decorate:#name=Villunus;", "PilotName_Localised":"unmanned CMDR Villunus", "PilotRank":"Dangerous", "ShieldHealth":100.000000, "HullHealth":100.000000, "LegalStatus":"Lawless" }
{ "timestamp":"2025-10-27T03:53:05Z", "event":"ShipTargeted", "TargetLocked":false }
{ "timestamp":"2025-10-27T03:53:11Z", "event":"CollectCargo", "Type":"ancienturn", "Type_Localised":"Guardian Urn", "Stolen":false }
{ "timestamp":"2025-10-27T03:53:14Z", "event":"Cargo", "Vessel":"SRV", "Count":3 }
{ "timestamp":"2025-10-27T03:53:23Z", "event":"CollectCargo", "Type":"ancientcasket", "Type_Localised":"Guardian Casket", "Stolen":false }
{ "timestamp":"2025-10-27T03:53:25Z", "event":"Cargo", "Vessel":"SRV", "Count":4 }
{ "timestamp":"2025-10-27T03:53:57Z", "event":"Liftoff", "PlayerControlled":false, "Taxi":false, "Multicrew":false, "StarSystem":"Synuefe NL-N c23-4", "SystemAddress":1184840454858, "Body":"Synuefe NL-N c23-4 B 3", "BodyID":18, "OnStation":false, "OnPlanet":true, "Latitude":51.214825, "Longitude":89.104904, "NearestDestination":"$Ancient_Small_005:#index=1;", "NearestDestination_Localised":"Guardian Structure" }
{ "timestamp":"2025-10-27T03:54:55Z", "event":"SAASignalsFound", "BodyName":"Synuefe NL-N c23-4 B 3", "SystemAddress":1184840454858, "BodyID":18, "Signals":[ { "Type":"$SAA_SignalType_Guardian;", "Type_Localised":"Guardian", "Count":4 }, { "Type":"$SAA_SignalType_Human;", "Type_Localised":"Human", "Count":12 } ], "Genuses":[  ] }
{ "timestamp":"2025-10-27T03:55:24Z", "event":"Touchdown", "PlayerControlled":false, "Taxi":false, "Multicrew":false, "StarSystem":"Synuefe NL-N c23-4", "SystemAddress":1184840454858, "Body":"Synuefe NL-N c23-4 B 3", "BodyID":18, "OnStation":false, "OnPlanet":true, "Latitude":51.218712, "Longitude":89.107391, "NearestDestination":"$Ancient_Small_005:#index=1;", "NearestDestination_Localised":"Guardian Structure" }
{ "timestamp":"2025-10-27T03:57:32Z", "event":"EjectCargo", "Type":"ancientcasket", "Type_Localised":"Guardian Casket", "Count":1, "Abandoned":false }
{ "timestamp":"2025-10-27T03:57:34Z", "event":"Cargo", "Vessel":"SRV", "Count":3 }
{ "timestamp":"2025-10-27T03:57:48Z", "event":"DockSRV", "SRVType":"testbuggy", "SRVType_Localised":"SRV Scarab", "ID":8 }
{ "timestamp":"2025-10-27T03:57:48Z", "event":"Loadout", "Ship":"asp", "ShipID":6, "ShipName":"", "ShipIdent":"VI-17A", "HullValue":6135160, "ModulesValue":37371182, "HullHealth":1.000000, "UnladenMass":349.299988, "CargoCapacity":8, "MaxJumpRange":53.145966, "FuelCapacity":{ "Main":48.000000, "Reserve":0.630000 }, "Rebuy":2175319, "Modules":[ { "Slot":"TinyHardpoint1", "Item":"hpt_cloudscanner_size0_class4", "On":true, "Priority":0, "Health":1.000000, "Value":365698 }, { "Slot":"Armour", "Item":"asp_armour_grade1", "On":true, "Priority":1, "Health":1.000000 }, { "Slot":"PowerPlant", "Item":"int_powerplant_size4_class5", "On":true, "Priority":1, "Health":1.000000, "Value":1610080 }, { "Slot":"MainEngines", "Item":"int_engine_size4_class2", "On":false, "Priority":0, "Health":1.000000, "Value":59633 }, { "Slot":"FrameShiftDrive", "Item":"int_hyperdrive_size5_class5", "On":true, "Priority":0, "Health":1.000000, "Value":5103953, "Engineering":{ "Engineer":"Elvira Martuuk", "EngineerID":300160, "BlueprintID":128673694, "BlueprintName":"FSD_LongRange", "Level":5, "Quality":0.200000, "ExperimentalEffect":"special_fsd_heavy", "ExperimentalEffect_Localised":"Mass Manager", "Modifiers":[ { "Label":"Mass", "Value":26.000000, "OriginalValue":20.000000, "LessIsGood":1 }, { "Label":"Integrity", "Value":93.840004, "OriginalValue":120.000000, "LessIsGood":0 }, { "Label":"PowerDraw", "Value":0.690000, "OriginalValue":0.600000, "LessIsGood":1 }, { "Label":"FSDOptimalMass", "Value":1605.239990, "OriginalValue":1050.000000, "LessIsGood":0 } ] } }, { "Slot":"LifeSupport", "Item":"int_lifesupport_size4_class2", "On":true, "Priority":0, "Health":1.000000, "Value":28373 }, { "Slot":"PowerDistributor", "Item":"int_powerdistributor_size4_class5", "On":true, "Priority":0, "Health":1.000000, "Value":443328 }, { "Slot":"Radar", "Item":"int_sensors_size5_class2", "On":true, "Priority":0, "Health":1.000000, "Value":79444 }, { "Slot":"FuelTank", "Item":"int_fueltank_size4_class3", "On":true, "Priority":1, "Health":1.000000, "Value":24734 }, { "Slot":"Slot01_Size6", "Item":"int_fuelscoop_size6_class5", "On":true, "Priority":0, "Health":1.000000, "Value":28763610 }, { "Slot":"Slot02_Size5", "Item":"int_fueltank_size5_class3", "On":true, "Priority":1, "Health":1.000000, "Value":97754 }, { "Slot":"Slot03_Size3", "Item":"int_detailedsurfacescanner_tiny", "On":true, "Priority":0, "Health":1.000000, "Value":250000 }, { "Slot":"Slot04_Size3", "Item":"int_shieldgenerator_size3_class5", "On":true, "Priority":0, "Health":1.000000, "Value":507912 }, { "Slot":"Slot05_Size3", "Item":"int_cargorack_size3_class1", "On":true, "Priority":1, "Health":1.000000, "Value":10563 }, { "Slot":"Slot06_Size2", "Item":"int_dockingcomputer_standard", "On":true, "Priority":0, "Health":1.000000, "Value":4500 }, { "Slot":"Slot07_Size2", "Item":"int_buggybay_size2_class2", "On":true, "Priority":0, "Health":1.000000, "Value":21600 }, { "Slot":"PlanetaryApproachSuite", "Item":"int_planetapproachsuite_advanced", "On":true, "Priority":1, "Health":1.000000 }, { "Slot":"VesselVoice", "Item":"voicepack_verity", "On":true, "Priority":1, "Health":1.000000 }, { "Slot":"ShipCockpit", "Item":"asp_cockpit", "On":true, "Priority":1, "Health":1.000000 }, { "Slot":"CargoHatch", "Item":"modularcargobaydoor", "On":true, "Priority":1, "Health":1.000000 } ] }
{ "timestamp":"2025-10-27T03:57:50Z", "event":"ShipLocker", "Items":[  ], "Components":[  ], "Consumables":[  ], "Data":[  ] }
{ "timestamp":"2025-10-27T03:57:53Z", "event":"Cargo", "Vessel":"Ship", "Count":8 }
{ "timestamp":"2025-10-27T03:58:23Z", "event":"ModuleInfo" }
{ "timestamp":"2025-10-27T03:58:36Z", "event":"Music", "MusicTrack":"SystemMap" }
{ "timestamp":"2025-10-27T03:58:46Z", "event":"Music", "MusicTrack":"GuardianSites" }
{ "timestamp":"2025-10-27T03:58:54Z", "event":"Liftoff", "PlayerControlled":true, "Taxi":false, "Multicrew":false, "StarSystem":"Synuefe NL-N c23-4", "SystemAddress":1184840454858, "Body":"Synuefe NL-N c23-4 B 3", "BodyID":18, "OnStation":false, "OnPlanet":true, "Latitude":51.218422, "Longitude":89.108414, "NearestDestination":"$Ancient_Small_005:#index=1;", "NearestDestination_Localised":"Guardian Structure" }
{ "timestamp":"2025-10-27T03:59:08Z", "event":"Music", "MusicTrack":"Exploration" }
{ "timestamp":"2025-10-27T03:59:48Z", "event":"StartJump", "JumpType":"Supercruise", "Taxi":false }
{ "timestamp":"2025-10-27T03:59:53Z", "event":"SupercruiseEntry", "Taxi":false, "Multicrew":false, "StarSystem":"Synuefe NL-N c23-4", "SystemAddress":1184840454858 }
{ "timestamp":"2025-10-27T03:59:53Z", "event":"ShipLocker", "Items":[  ], "Components":[  ], "Consumables":[  ], "Data":[  ] }
{ "timestamp":"2025-10-27T03:59:53Z", "event":"Music", "MusicTrack":"Supercruise" }
{ "timestamp":"2025-10-27T04:01:16Z", "event":"LeaveBody", "StarSystem":"Synuefe NL-N c23-4", "SystemAddress":1184840454858, "Body":"Synuefe NL-N c23-4 B 3", "BodyID":18 }
{ "timestamp":"2025-10-27T04:01:21Z", "event":"SupercruiseDestinationDrop", "Type":"SOUL OF HUMANKIND QZL-43V", "Threat":0, "MarketID":3712848640 }
{ "timestamp":"2025-10-27T04:01:23Z", "event":"SupercruiseExit", "Taxi":false, "Multicrew":false, "StarSystem":"Synuefe NL-N c23-4", "SystemAddress":1184840454858, "Body":"Synuefe NL-N c23-4 B 3", "BodyID":18, "BodyType":"Planet" }
{ "timestamp":"2025-10-27T04:01:23Z", "event":"ShipLocker", "Items":[  ], "Components":[  ], "Consumables":[  ], "Data":[  ] }
{ "timestamp":"2025-10-27T04:01:23Z", "event":"Music", "MusicTrack":"DestinationFromSupercruise" }
{ "timestamp":"2025-10-27T04:01:28Z", "event":"Music", "MusicTrack":"Exploration" }
{ "timestamp":"2025-10-27T04:01:34Z", "event":"ReceiveText", "From":"SOUL OF HUMANKIND QZL-43V", "Message":"$STATION_NoFireZone_entered;", "Message_Localised":"No fire zone entered.", "Channel":"npc" }
{ "timestamp":"2025-10-27T04:01:43Z", "event":"DockingRequested", "MarketID":3712848640, "StationName":"QZL-43V", "StationType":"FleetCarrier", "LandingPads":{ "Small":4, "Medium":4, "Large":8 } }
{ "timestamp":"2025-10-27T04:01:43Z", "event":"ReceiveText", "From":"SOUL OF HUMANKIND QZL-43V", "Message":"$DockingChatter_Neutral;", "Message_Localised":"Ensure to observe starport protocol during your visit, pilot.", "Channel":"npc" }
{ "timestamp":"2025-10-27T04:01:43Z", "event":"ReceiveText", "From":"SOUL OF HUMANKIND QZL-43V", "Message":"$STATION_docking_granted;", "Message_Localised":"Docking request granted.", "Channel":"npc" }
{ "timestamp":"2025-10-27T04:01:43Z", "event":"DockingGranted", "LandingPad":10, "MarketID":3712848640, "StationName":"QZL-43V", "StationType":"FleetCarrier" }
{ "timestamp":"2025-10-27T04:01:48Z", "event":"Music", "MusicTrack":"DockingComputer" }
{ "timestamp":"2025-10-27T04:02:42Z", "event":"Docked", "StationName":"QZL-43V", "StationType":"FleetCarrier", "Taxi":false, "Multicrew":false, "StarSystem":"Synuefe NL-N c23-4", "SystemAddress":1184840454858, "MarketID":3712848640, "StationFaction":{ "Name":"FleetCarrier" }, "StationGovernment":"$government_Carrier;", "StationGovernment_Localised":"Private Ownership", "StationServices":[ "dock", "autodock", "commodities", "contacts", "crewlounge", "refuel", "repair", "engineer", "flightcontroller", "stationoperations", "stationMenu", "carriermanagement", "carrierfuel", "socialspace" ], "StationEconomy":"$economy_Carrier;", "StationEconomy_Localised":"Private Enterprise", "StationEconomies":[ { "Name":"$economy_Carrier;", "Name_Localised":"Private Enterprise", "Proportion":1.000000 } ], "DistFromStarLS":1660.861299, "LandingPads":{ "Small":4, "Medium":4, "Large":8 } }
{ "timestamp":"2025-10-27T04:02:42Z", "event":"Music", "MusicTrack":"Exploration" }
{ "timestamp":"2025-10-27T04:02:55Z", "event":"ModuleInfo" }
{ "timestamp":"2025-10-27T04:03:43Z", "event":"Repair", "Items":[ "Wear" ], "Cost":12737 }
{ "timestamp":"2025-10-27T04:03:45Z", "event":"Repair", "Items":[ "Paint" ], "Cost":20 }
{ "timestamp":"2025-10-27T04:03:53Z", "event":"RefuelAll", "Cost":60, "Amount":0.597007 }
{ "timestamp":"2025-10-27T04:04:05Z", "event":"Music", "MusicTrack":"SystemMap" }
{ "timestamp":"2025-10-27T04:04:24Z", "event":"Music", "MusicTrack":"Exploration" }
{ "timestamp":"2025-10-27T04:04:30Z", "event":"Undocked", "StationName":"QZL-43V", "StationType":"FleetCarrier", "MarketID":3712848640, "Taxi":false, "Multicrew":false }
{ "timestamp":"2025-10-27T04:05:02Z", "event":"StartJump", "JumpType":"Supercruise", "Taxi":false }
{ "timestamp":"2025-10-27T04:05:06Z", "event":"ReceiveText", "From":"SOUL OF HUMANKIND QZL-43V", "Message":"$STATION_NoFireZone_exited;", "Message_Localised":"No fire zone exited.", "Channel":"npc" }
{ "timestamp":"2025-10-27T04:05:07Z", "event":"SupercruiseEntry", "Taxi":false, "Multicrew":false, "StarSystem":"Synuefe NL-N c23-4", "SystemAddress":1184840454858 }
{ "timestamp":"2025-10-27T04:05:07Z", "event":"ShipLocker", "Items":[  ], "Components":[  ], "Consumables":[  ], "Data":[  ] }
{ "timestamp":"2025-10-27T04:05:07Z", "event":"Music", "MusicTrack":"Supercruise" }
{ "timestamp":"2025-10-27T04:08:07Z", "event":"SupercruiseDestinationDrop", "Type":"N.A.C. WYRMLING WNB-TXG", "Threat":0, "MarketID":3711876608 }
{ "timestamp":"2025-10-27T04:08:08Z", "event":"SupercruiseExit", "Taxi":false, "Multicrew":false, "StarSystem":"Synuefe NL-N c23-4", "SystemAddress":1184840454858, "Body":"Synuefe NL-N c23-4 B 4", "BodyID":19, "BodyType":"Planet" }
{ "timestamp":"2025-10-27T04:08:08Z", "event":"ShipLocker", "Items":[  ], "Components":[  ], "Consumables":[  ], "Data":[  ] }
{ "timestamp":"2025-10-27T04:08:08Z", "event":"Music", "MusicTrack":"DestinationFromSupercruise" }
{ "timestamp":"2025-10-27T04:08:13Z", "event":"Music", "MusicTrack":"Exploration" }
{ "timestamp":"2025-10-27T04:08:18Z", "event":"ReceiveText", "From":"N.A.C. WYRMLING WNB-TXG", "Message":"$DockingFailed_Distance:#distance=7500;", "Message_Localised":"Docking request denied: please approach to 7500m", "Channel":"npc" }
{ "timestamp":"2025-10-27T04:08:18Z", "event":"DockingDenied", "Reason":"Distance", "MarketID":3711876608, "StationName":"WNB-TXG", "StationType":"FleetCarrier" }
{ "timestamp":"2025-10-27T04:08:20Z", "event":"ReceiveText", "From":"N.A.C. WYRMLING WNB-TXG", "Message":"$STATION_NoFireZone_entered;", "Message_Localised":"No fire zone entered.", "Channel":"npc" }
{ "timestamp":"2025-10-27T04:08:24Z", "event":"DockingRequested", "MarketID":3711876608, "StationName":"WNB-TXG", "StationType":"FleetCarrier", "LandingPads":{ "Small":4, "Medium":4, "Large":8 } }
{ "timestamp":"2025-10-27T04:08:24Z", "event":"ReceiveText", "From":"N.A.C. WYRMLING WNB-TXG", "Message":"$DockingChatter_Neutral;", "Message_Localised":"Ensure to observe starport protocol during your visit, pilot.", "Channel":"npc" }
{ "timestamp":"2025-10-27T04:08:24Z", "event":"ReceiveText", "From":"N.A.C. WYRMLING WNB-TXG", "Message":"$STATION_docking_granted;", "Message_Localised":"Docking request granted.", "Channel":"npc" }
{ "timestamp":"2025-10-27T04:08:24Z", "event":"DockingGranted", "LandingPad":12, "MarketID":3711876608, "StationName":"WNB-TXG", "StationType":"FleetCarrier" }
{ "timestamp":"2025-10-27T04:08:26Z", "event":"Music", "MusicTrack":"DockingComputer" }
{ "timestamp":"2025-10-27T04:09:23Z", "event":"Docked", "StationName":"WNB-TXG", "StationType":"FleetCarrier", "Taxi":false, "Multicrew":false, "StarSystem":"Synuefe NL-N c23-4", "SystemAddress":1184840454858, "MarketID":3711876608, "StationFaction":{ "Name":"FleetCarrier" }, "StationGovernment":"$government_Carrier;", "StationGovernment_Localised":"Private Ownership", "StationServices":[ "dock", "autodock", "commodities", "contacts", "exploration", "outfitting", "crewlounge", "rearm", "refuel", "repair", "shipyard", "engineer", "flightcontroller", "stationoperations", "stationMenu", "carriermanagement", "carrierfuel", "livery", "voucherredemption", "socialspace", "bartender", "vistagenomics", "pioneersupplies" ], "StationEconomy":"$economy_Carrier;", "StationEconomy_Localised":"Private Enterprise", "StationEconomies":[ { "Name":"$economy_Carrier;", "Name_Localised":"Private Enterprise", "Proportion":1.000000 } ], "DistFromStarLS":1598.698397, "LandingPads":{ "Small":4, "Medium":4, "Large":8 } }
{ "timestamp":"2025-10-27T04:09:23Z", "event":"Music", "MusicTrack":"Exploration" }
{ "timestamp":"2025-10-27T04:09:31Z", "event":"Music", "MusicTrack":"NoTrack" }
{ "timestamp":"2025-10-27T04:09:48Z", "event":"Outfitting", "MarketID":3711876608, "StationName":"WNB-TXG", "StarSystem":"Synuefe NL-N c23-4" }
{ "timestamp":"2025-10-27T04:09:48Z", "event":"StoredModules", "MarketID":3711876608, "StationName":"WNB-TXG", "StarSystem":"Synuefe NL-N c23-4", "Items":[ { "Name":"$int_engine_size5_class5_name;", "Name_Localised":"Thrusters", "StorageSlot":598, "StarSystem":"Nzambassee", "MarketID":3228795904, "TransferCost":229104, "TransferTime":9064, "BuyPrice":4338361, "Hot":false }, { "Name":"$int_fuelscoop_size3_class5_name;", "Name_Localised":"Fuel Scoop", "StorageSlot":592, "StarSystem":"Col 173 Sector UB-B b30-7", "MarketID":4274568195, "TransferCost":1590, "TransferTime":541, "BuyPrice":902954, "Hot":false }, { "Name":"$int_cargorack_size6_class1_name;", "Name_Localised":"Cargo Rack", "StorageSlot":600, "StarSystem":"Ngurii", "MarketID":3225348096, "TransferCost":15642, "TransferTime":7411, "BuyPrice":362591, "Hot":false }, { "Name":"$int_cargorack_size6_class1_name;", "Name_Localised":"Cargo Rack", "StorageSlot":591, "StarSystem":"Col 173 Sector UB-B b30-7", "MarketID":4274568195, "TransferCost":698, "TransferTime":541, "BuyPrice":362591, "Hot":false }, { "Name":"$hpt_shieldbooster_size0_class5_name;", "Name_Localised":"Shield Booster", "StorageSlot":595, "StarSystem":"Khun", "MarketID":128678023, "TransferCost":17721, "TransferTime":10718, "BuyPrice":281000, "Hot":false }, { "Name":"$hpt_shieldbooster_size0_class5_name;", "Name_Localised":"Shield Booster", "StorageSlot":594, "StarSystem":"Khun", "MarketID":128678023, "TransferCost":17721, "TransferTime":10718, "BuyPrice":281000, "Hot":false }, { "Name":"$hpt_shieldbooster_size0_class5_name;", "Name_Localised":"Shield Booster", "StorageSlot":593, "StarSystem":"Khun", "MarketID":128678023, "TransferCost":17721, "TransferTime":10718, "BuyPrice":281000, "Hot":false }, { "Name":"$int_fueltank_size5_class3_name;", "Name_Localised":"Fuel Tank", "StorageSlot":597, "StarSystem":"Nzambassee", "MarketID":3228795904, "TransferCost":5260, "TransferTime":9064, "BuyPrice":97754, "Hot":false }, { "Name":"$int_cargorack_size3_class1_name;", "Name_Localised":"Cargo Rack", "StorageSlot":599, "StarSystem":"Khun", "MarketID":128678023, "TransferCost":663, "TransferTime":10718, "BuyPrice":8979, "Hot":false }, { "Name":"$hpt_chafflauncher_tiny_name;", "Name_Localised":"Chaff", "StorageSlot":596, "StarSystem":"Arine", "MarketID":3226579456, "TransferCost":620, "TransferTime":10474, "BuyPrice":8500, "Hot":false } ] }
{ "timestamp":"2025-10-27T04:15:34Z", "event":"RefuelAll", "Cost":10, "Amount":0.106324 }
{ "timestamp":"2025-10-27T04:16:00Z", "event":"Shutdown" }
