{ "timestamp":"2025-10-23T19:08:31Z", "event":"Fileheader", "part":1, "language":"English/UK", "Odyssey":true, "gameversion":"4.2.1.2", "build":"r320146/r0 " }
{ "timestamp":"2025-10-23T19:09:33Z", "event":"Commander", "FID":"F2015064", "Name":"Villunus" }
{ "timestamp":"2025-10-23T19:09:33Z", "event":"Materials", "Raw":[  ], "Manufactured":[ { "Name":"heatconductionwiring", "Name_Localised":"Heat Conduction Wiring", "Count":1 }, { "Name":"focuscrystals", "Name_Localised":"Focus Crystals", "Count":3 }, { "Name":"precipitatedalloys", "Name_Localised":"Precipitated Alloys", "Count":3 }, { "Name":"salvagedalloys", "Name_Localised":"Salvaged Alloys", "Count":64 }, { "Name":"protolightalloys", "Name_Localised":"Proto Light Alloys", "Count":94 }, { "Name":"protoradiolicalloys", "Name_Localised":"Proto Radiolic Alloys", "Count":1 }, { "Name":"gridresistors", "Name_Localised":"Grid Resistors", "Count":2 }, { "Name":"hybridcapacitors", "Name_Localised":"Hybrid Capacitors", "Count":1 }, { "Name":"heatdispersionplate", "Name_Localised":"Heat Dispersion Plate", "Count":1 }, { "Name":"electrochemicalarrays", "Name_Localised":"Electrochemical Arrays", "Count":1 }, { "Name":"heatvanes", "Name_Localised":"Heat Vanes", "Count":6 }, { "Name":"heatexchangers", "Name_Localised":"Heat Exchangers", "Count":6 }, { "Name":"chemicalprocessors", "Name_Localised":"Chemical Processors", "Count":22 }, { "Name":"chemicaldistillery", "Name_Localised":"Chemical Distillery", "Count":1 } ], "Encoded":[ { "Name":"shieldpatternanalysis", "Name_Localised":"Aberrant Shield Pattern Analysis", "Count":8 }, { "Name":"shielddensityreports", "Name_Localised":"Untypical Shield Scans", "Count":7 }, { "Name":"scanarchives", "Name_Localised":"Unidentified Scan Archives", "Count":6 }, { "Name":"decodedemissiondata", "Name_Localised":"Decoded Emission Data", "Count":6 }, { "Name":"shieldcyclerecordings", "Name_Localised":"Distorted Shield Cycle Recordings", "Count":9 }, { "Name":"bulkscandata", "Name_Localised":"Anomalous Bulk Scan Data", "Count":18 }, { "Name":"shieldsoakanalysis", "Name_Localised":"Inconsistent Shield Soak Analysis", "Count":3 }, { "Name":"archivedemissiondata", "Name_Localised":"Irregular Emission Data", "Count":3 }, { "Name":"wakesolutions", "Name_Localised":"Strange Wake Solutions", "Count":6 }, { "Name":"fsdtelemetry", "Name_Localised":"Anomalous FSD Telemetry", "Count":15 }, { "Name":"disruptedwakeechoes", "Name_Localised":"Atypical Disrupted Wake Echoes", "Count":10 }, { "Name":"dataminedwake", "Name_Localised":"Datamined Wake Exceptions", "Count":3 }, { "Name":"hyperspacetrajectories", "Name_Localised":"Eccentric Hyperspace Trajectories", "Count":6 } ] }
{ "timestamp":"2025-10-23T19:09:33Z", "event":"Rank", "Combat":6, "Trade":7, "Explore":4, "Soldier":0, "Exobiologist":0, "Empire":0, "Federation":1, "CQC":0 }
{ "timestamp":"2025-10-23T19:09:33Z", "event":"Progress", "Combat":26, "Trade":44, "Explore":46, "Soldier":0, "Exobiologist":0, "Empire":100, "Federation":15, "CQC":0 }
{ "timestamp":"2025-10-23T19:09:33Z", "event":"Reputation", "Empire":75.000000, "Federation":75.000000, "Independent":1.972560, "Alliance":41.009998 }
{ "timestamp":"2025-10-23T19:09:33Z", "event":"EngineerProgress", "Engineers":[ { "Engineer":"Felicity Farseer", "EngineerID":300100, "Progress":"Invited" }, { "Engineer":"Eleanor Bresa", "EngineerID":400011, "Progress":"Known" }, { "Engineer":"Hero Ferrari", "EngineerID":400003, "Progress":"Known" }, { "Engineer":"Jude Navarro", "EngineerID":400001, "Progress":"Known" }, { "Engineer":"Liz Ryder", "EngineerID":300080, "Progress":"Known" }, { "Engineer":"Rosa Dayette", "EngineerID":400012, "Progress":"Known" }, { "Engineer":"Baltanos", "EngineerID":400010, "Progress":"Known" }, { "Engineer":"The Dweller", "EngineerID":300180, "Progress":"Invited" }, { "Engineer":"Elvira Martuuk", "EngineerID":300160, "Progress":"Unlocked", "RankProgress":0, "Rank":2 }, { "Engineer":"Tod 'The Blaster' McQuinn", "EngineerID":300260, "Progress":"Invited" }, { "Engineer":"Domino Green", "EngineerID":400002, "Progress":"Known" } ] }
{ "timestamp":"2025-10-23T19:09:33Z", "event":"LoadGame", "FID":"F2015064", "Commander":"Villunus", "Horizons":true, "Odyssey":true, "Ship":"Asp", "Ship_Localised":"Asp Explorer", "ShipID":6, "ShipName":"", "ShipIdent":"", "FuelLevel":47.369999, "FuelCapacity":48.000000, "GameMode":"Solo", "Credits":62324242, "Loan":0, "language":"English/UK", "gameversion":"4.2.1.2", "build":"r320146/r0 " }
{ "timestamp":"2025-10-23T19:09:44Z", "event":"Statistics", "Bank_Account":{ "Current_Wealth":741765219, "Spent_On_Ships":301088842, "Spent_On_Outfitting":556003305, "Spent_On_Repairs":3105306, "Spent_On_Fuel":333979, "Spent_On_Ammo_Consumables":474184, "Insurance_Claims":47, "Spent_On_Insurance":65627153, "Owned_Ship_Count":6, "Spent_On_Suits":0, "Spent_On_Weapons":0, "Spent_On_Suit_Consumables":0, "Suits_Owned":1, "Weapons_Owned":1, "Spent_On_Premium_Stock":0, "Premium_Stock_Bought":0 }, "Combat":{ "Bounties_Claimed":3070, "Bounty_Hunting_Profit":153432926, "Combat_Bonds":83, "Combat_Bond_Profits":2794400, "Assassinations":5, "Assassination_Profits":3097159, "Highest_Single_Reward":0, "Skimmers_Killed":0, "OnFoot_Combat_Bonds":0, "OnFoot_Combat_Bonds_Profits":0, "OnFoot_Vehicles_Destroyed":0, "OnFoot_Ships_Destroyed":0, "Dropships_Taken":0, "Dropships_Booked":0, "Dropships_Cancelled":0, "ConflictZone_High":0, "ConflictZone_Medium":0, "ConflictZone_Low":0, "ConflictZone_Total":0, "ConflictZone_High_Wins":0, "ConflictZone_Medium_Wins":0, "ConflictZone_Low_Wins":0, "ConflictZone_Total_Wins":0, "Settlement_Defended":0, "Settlement_Conquered":0, "OnFoot_Skimmers_Killed":0, "OnFoot_Scavs_Killed":0 }, "Crime":{ "Notoriety":0, "Fines":86, "Total_Fines":797986, "Bounties_Received":154, "Total_Bounties":367060, "Highest_Bounty":12000, "Malware_Uploaded":0, "Settlements_State_Shutdown":0, "Production_Sabotage":0, "Production_Theft":0, "Total_Murders":0, "Citizens_Murdered":0, "Omnipol_Murdered":0, "Guards_Murdered":0, "Data_Stolen":0, "Goods_Stolen":0, "Sample_Stolen":0, "Total_Stolen":0, "Turrets_Destroyed":0, "Turrets_Overloaded":0, "Turrets_Total":0, "Value_Stolen_StateChange":0, "Profiles_Cloned":0 }, "Smuggling":{ "Black_Markets_Traded_With":14, "Black_Markets_Profits":4052802, "Resources_Smuggled":414, "Average_Profit":238400.11764706, "Highest_Single_Transaction":544374 }, "Trading":{ "Markets_Traded_With":47, "Market_Profits":374300400, "Resources_Traded":218390, "Average_Profit":684278.61060329, "Highest_Single_Transaction":1747904, "Data_Sold":0, "Goods_Sold":0, "Assets_Sold":0 }, "Mining":{ "Mining_Profits":0, "Quantity_Mined":0, "Materials_Collected":253 }, "Exploration":{ "Systems_Visited":1176, "Exploration_Profits":3470114, "Planets_Scanned_To_Level_2":96, "Planets_Scanned_To_Level_3":0, "Efficient_Scans":0, "Highest_Payout":73473, "Total_Hyperspace_Distance":37574, "Total_Hyperspace_Jumps":2322, "Greatest_Distance_From_Start":508.03896296507, "Time_Played":1345260, "OnFoot_Distance_Travelled":0, "Shuttle_Journeys":0, "Shuttle_Distance_Travelled":0, "Spent_On_Shuttles":0, "First_Footfalls":0, "Planet_Footfalls":0, "Settlements_Visited":0 }, "Passengers":{ "Passengers_Missions_Bulk":0, "Passengers_Missions_VIP":0, "Passengers_Missions_Delivered":0, "Passengers_Missions_Ejected":0 }, "Search_And_Rescue":{ "SearchRescue_Traded":0, "SearchRescue_Profit":0, "SearchRescue_Count":0, "Salvage_Legal_POI":0, "Salvage_Legal_Settlements":0, "Salvage_Illegal_POI":0, "Salvage_Illegal_Settlements":0, "Maglocks_Opened":0, "Panels_Opened":0, "Settlements_State_FireOut":0, "Settlements_State_Reboot":0 }, "Squadron":{ "Squadron_Bank_Credits_Deposited":0, "Squadron_Bank_Credits_Withdrawn":0, "Squadron_Bank_Commodities_Deposited_Num":0, "Squadron_Bank_Commodities_Deposited_Value":0, "Squadron_Bank_Commodities_Withdrawn_Num":0, "Squadron_Bank_Commodities_Withdrawn_Value":0, "Squadron_Bank_PersonalAssets_Deposited_Num":0, "Squadron_Bank_PersonalAssets_Deposited_Value":0, "Squadron_Bank_PersonalAssets_Withdrawn_Num":0, "Squadron_Bank_PersonalAssets_Withdrawn_Value":0, "Squadron_Bank_Ships_Deposited_Num":0, "Squadron_Bank_Ships_Deposited_Value":0, "Squadron_Leaderboard_aegis_highestcontribution":0, "Squadron_Leaderboard_bgs_highestcontribution":0, "Squadron_Leaderboard_bounty_highestcontribution":0, "Squadron_Leaderboard_colonisation_contribution_highestcontribution":0, "Squadron_Leaderboard_combat_highestcontribution":0, "Squadron_Leaderboard_cqc_highestcontribution":0, "Squadron_Leaderboard_exploration_highestcontribution":0, "Squadron_Leaderboard_mining_highestcontribution":0, "Squadron_Leaderboard_powerplay_highestcontribution":0, "Squadron_Leaderboard_trade_highestcontribution":0, "Squadron_Leaderboard_trade_illicit_highestcontribution":0, "Squadron_Leaderboard_podiums":0 }, "Crafting":{ "Count_Of_Used_Engineers":1, "Recipes_Generated":3, "Recipes_Generated_Rank_1":3, "Recipes_Generated_Rank_2":0, "Recipes_Generated_Rank_3":0, "Recipes_Generated_Rank_4":0, "Recipes_Generated_Rank_5":0, "Suit_Mods_Applied":0, "Weapon_Mods_Applied":0, "Suits_Upgraded":0, "Weapons_Upgraded":0, "Suits_Upgraded_Full":0, "Weapons_Upgraded_Full":0, "Suit_Mods_Applied_Full":0, "Weapon_Mods_Applied_Full":0 }, "Crew":{ "NpcCrew_TotalWages":0, "NpcCrew_Hired":0, "NpcCrew_Fired":0, "NpcCrew_Died":0 }, "Multicrew":{ "Multicrew_Time_Total":0, "Multicrew_Gunner_Time_Total":0, "Multicrew_Fighter_Time_Total":0, "Multicrew_Credits_Total":0, "Multicrew_Fines_Total":0 }, "Material_Trader_Stats":{ "Trades_Completed":13, "Materials_Traded":1502, "Grade_1_Materials_Traded":1108, "Grade_2_Materials_Traded":196, "Grade_3_Materials_Traded":8, "Grade_4_Materials_Traded":143, "Grade_5_Materials_Traded":47, "Assets_Traded_In":0, "Assets_Traded_Out":0 }, "CQC":{ "CQC_Time_Played":0, "CQC_KD":0, "CQC_Kills":0, "CQC_WL":0 }, "Exobiology":{ "Organic_Genus_Encountered":0, "Organic_Species_Encountered":0, "Organic_Variant_Encountered":0, "Organic_Data_Profits":0, "Organic_Data":0, "First_Logged_Profits":0, "First_Logged":0, "Organic_Systems":0, "Organic_Planets":0, "Organic_Genus":0, "Organic_Species":0 } }
{ "timestamp":"2025-10-23T19:09:54Z", "event":"ReceiveText", "From":"", "Message":"$COMMS_entered:#name=Arine;", "Message_Localised":"Entered Channel: Arine", "Channel":"npc" }
{ "timestamp":"2025-10-23T19:09:54Z", "event":"FSSSignalDiscovered", "SystemAddress":13863215113609, "SignalName":"Curie Projects", "SignalType":"Installation" }
{ "timestamp":"2025-10-23T19:09:54Z", "event":"FSSSignalDiscovered", "SystemAddress":13863215113609, "SignalName":"$Warzone_PointRace_Low:#index=1;", "SignalName_Localised":"Conflict Zone [Low Intensity]", "SignalType":"Combat" }
{ "timestamp":"2025-10-23T19:09:54Z", "event":"FSSSignalDiscovered", "SystemAddress":13863215113609, "SignalName":"$Warzone_PointRace_Med:#index=1;", "SignalName_Localised":"Conflict Zone [Medium Intensity]", "SignalType":"Combat" }
{ "timestamp":"2025-10-23T19:09:54Z", "event":"FSSSignalDiscovered", "SystemAddress":13863215113609, "SignalName":"$Warzone_PointRace_High:#index=1;", "SignalName_Localised":"Conflict Zone [High Intensity]", "SignalType":"Combat" }
{ "timestamp":"2025-10-23T19:09:54Z", "event":"FSSSignalDiscovered", "SystemAddress":13863215113609, "SignalName":"$MULTIPLAYER_SCENARIO78_TITLE;", "SignalName_Localised":"Resource Extraction Site [High]", "SignalType":"ResourceExtraction" }
{ "timestamp":"2025-10-23T19:09:54Z", "event":"FSSSignalDiscovered", "SystemAddress":13863215113609, "SignalName":"Grand Bronco Pastures", "SignalType":"Installation" }
{ "timestamp":"2025-10-23T19:09:54Z", "event":"FSSSignalDiscovered", "SystemAddress":13863215113609, "SignalName":"$MULTIPLAYER_SCENARIO77_TITLE;", "SignalName_Localised":"Resource Extraction Site [Low]", "SignalType":"ResourceExtraction" }
{ "timestamp":"2025-10-23T19:09:54Z", "event":"FSSSignalDiscovered", "SystemAddress":13863215113609, "SignalName":"$MULTIPLAYER_SCENARIO79_TITLE;", "SignalName_Localised":"Resource Extraction Site [Hazardous]", "SignalType":"ResourceExtraction" }
{ "timestamp":"2025-10-23T19:09:54Z", "event":"FSSSignalDiscovered", "SystemAddress":13863215113609, "SignalName":"$Warzone_PointRace_Med:#index=1;", "SignalName_Localised":"Conflict Zone [Medium Intensity]", "SignalType":"Combat" }
{ "timestamp":"2025-10-23T19:09:54Z", "event":"FSSSignalDiscovered", "SystemAddress":13863215113609, "SignalName":"$Warzone_PointRace_High:#index=2;", "SignalName_Localised":"Conflict Zone [High Intensity]", "SignalType":"Combat" }
{ "timestamp":"2025-10-23T19:09:54Z", "event":"FSSSignalDiscovered", "SystemAddress":13863215113609, "SignalName":"$Warzone_PointRace_Med:#index=1;", "SignalName_Localised":"Conflict Zone [Medium Intensity]", "SignalType":"Combat" }
{ "timestamp":"2025-10-23T19:09:54Z", "event":"FSSSignalDiscovered", "SystemAddress":13863215113609, "SignalName":"$Warzone_PointRace_High:#index=3;", "SignalName_Localised":"Conflict Zone [High Intensity]", "SignalType":"Combat" }
{ "timestamp":"2025-10-23T19:09:54Z", "event":"FSSSignalDiscovered", "SystemAddress":13863215113609, "SignalName":"$Warzone_PointRace_Med:#index=2;", "SignalName_Localised":"Conflict Zone [Medium Intensity]", "SignalType":"Combat" }
{ "timestamp":"2025-10-23T19:09:54Z", "event":"FSSSignalDiscovered", "SystemAddress":13863215113609, "SignalName":"$Warzone_PointRace_High:#index=1;", "SignalName_Localised":"Conflict Zone [High Intensity]", "SignalType":"Combat" }
{ "timestamp":"2025-10-23T19:09:54Z", "event":"FSSSignalDiscovered", "SystemAddress":13863215113609, "SignalName":"$Warzone_PointRace_Med:#index=1;", "SignalName_Localised":"Conflict Zone [Medium Intensity]", "SignalType":"Combat" }
{ "timestamp":"2025-10-23T19:09:54Z", "event":"FSSSignalDiscovered", "SystemAddress":13863215113609, "SignalName":"$Warzone_PointRace_Low:#index=1;", "SignalName_Localised":"Conflict Zone [Low Intensity]", "SignalType":"Combat" }
{ "timestamp":"2025-10-23T19:09:54Z", "event":"FSSSignalDiscovered", "SystemAddress":13863215113609, "SignalName":"$MULTIPLAYER_SCENARIO79_TITLE;", "SignalName_Localised":"Resource Extraction Site [Hazardous]", "SignalType":"ResourceExtraction" }
{ "timestamp":"2025-10-23T19:09:54Z", "event":"FSSSignalDiscovered", "SystemAddress":13863215113609, "SignalName":"$MULTIPLAYER_SCENARIO77_TITLE;", "SignalName_Localised":"Resource Extraction Site [Low]", "SignalType":"ResourceExtraction" }
{ "timestamp":"2025-10-23T19:09:54Z", "event":"FSSSignalDiscovered", "SystemAddress":13863215113609, "SignalName":"$Warzone_PointRace_High:#index=1;", "SignalName_Localised":"Conflict Zone [High Intensity]", "SignalType":"Combat" }
{ "timestamp":"2025-10-23T19:09:54Z", "event":"FSSSignalDiscovered", "SystemAddress":13863215113609, "SignalName":"$Warzone_PointRace_Low:#index=1;", "SignalName_Localised":"Conflict Zone [Low Intensity]", "SignalType":"Combat" }
{ "timestamp":"2025-10-23T19:09:54Z", "event":"FSSSignalDiscovered", "SystemAddress":13863215113609, "SignalName":"Foda Orbital", "SignalType":"Outpost" }
{ "timestamp":"2025-10-23T19:09:54Z", "event":"FSSSignalDiscovered", "SystemAddress":13863215113609, "SignalName":"Intermutual Oversight Core", "SignalType":"Installation" }
{ "timestamp":"2025-10-23T19:09:54Z", "event":"FSSSignalDiscovered", "SystemAddress":13863215113609, "SignalName":"Wescott Terminal", "SignalType":"StationCoriolis", "IsStation":true }
{ "timestamp":"2025-10-23T19:09:54Z", "event":"FSSSignalDiscovered", "SystemAddress":13863215113609, "SignalName":"$Warzone_PointRace_Low:#index=1;", "SignalName_Localised":"Conflict Zone [Low Intensity]", "SignalType":"Combat" }
{ "timestamp":"2025-10-23T19:09:54Z", "event":"FSSSignalDiscovered", "SystemAddress":13863215113609, "SignalName":"$Warzone_PointRace_Med:#index=1;", "SignalName_Localised":"Conflict Zone [Medium Intensity]", "SignalType":"Combat" }
{ "timestamp":"2025-10-23T19:09:54Z", "event":"FSSSignalDiscovered", "SystemAddress":13863215113609, "SignalName":"$Warzone_PointRace_Med:#index=2;", "SignalName_Localised":"Conflict Zone [Medium Intensity]", "SignalType":"Combat" }
{ "timestamp":"2025-10-23T19:09:54Z", "event":"FSSSignalDiscovered", "SystemAddress":13863215113609, "SignalName":"$Warzone_PointRace_High:#index=1;", "SignalName_Localised":"Conflict Zone [High Intensity]", "SignalType":"Combat" }
{ "timestamp":"2025-10-23T19:09:54Z", "event":"FSSSignalDiscovered", "SystemAddress":13863215113609, "SignalName":"$MULTIPLAYER_SCENARIO42_TITLE;", "SignalName_Localised":"Nav Beacon", "SignalType":"NavBeacon" }
{ "timestamp":"2025-10-23T19:09:54Z", "event":"FSSSignalDiscovered", "SystemAddress":13863215113609, "SignalName":"$Warzone_PointRace_Low:#index=1;", "SignalName_Localised":"Conflict Zone [Low Intensity]", "SignalType":"Combat" }
{ "timestamp":"2025-10-23T19:09:54Z", "event":"FSSSignalDiscovered", "SystemAddress":13863215113609, "SignalName":"Boe Dock", "SignalType":"Outpost" }
{ "timestamp":"2025-10-23T19:09:54Z", "event":"FSSSignalDiscovered", "SystemAddress":13863215113609, "SignalName":"$Warzone_PointRace_Low:#index=3;", "SignalName_Localised":"Conflict Zone [Low Intensity]", "SignalType":"Combat" }
{ "timestamp":"2025-10-23T19:09:54Z", "event":"FSSSignalDiscovered", "SystemAddress":13863215113609, "SignalName":"$Warzone_PointRace_Low:#index=2;", "SignalName_Localised":"Conflict Zone [Low Intensity]", "SignalType":"Combat" }
{ "timestamp":"2025-10-23T19:09:54Z", "event":"FSSSignalDiscovered", "SystemAddress":13863215113609, "SignalName":"MAS-597 Riker-class Reformatory", "SignalType":"Megaship" }
{ "timestamp":"2025-10-23T19:09:54Z", "event":"FSSSignalDiscovered", "SystemAddress":13863215113609, "SignalName":"$Warzone_PointRace_Low:#index=2;", "SignalName_Localised":"Conflict Zone [Low Intensity]", "SignalType":"Combat" }
{ "timestamp":"2025-10-23T19:09:54Z", "event":"FSSSignalDiscovered", "SystemAddress":13863215113609, "SignalName":"$MULTIPLAYER_SCENARIO79_TITLE;", "SignalName_Localised":"Resource Extraction Site [Hazardous]", "SignalType":"ResourceExtraction" }
{ "timestamp":"2025-10-23T19:09:54Z", "event":"FSSSignalDiscovered", "SystemAddress":13863215113609, "SignalName":"$MULTIPLAYER_SCENARIO77_TITLE;", "SignalName_Localised":"Resource Extraction Site [Low]", "SignalType":"ResourceExtraction" }
{ "timestamp":"2025-10-23T19:09:54Z", "event":"FSSSignalDiscovered", "SystemAddress":13863215113609, "SignalName":"$MULTIPLAYER_SCENARIO77_TITLE;", "SignalName_Localised":"Resource Extraction Site [Low]", "SignalType":"ResourceExtraction" }
{ "timestamp":"2025-10-23T19:09:54Z", "event":"FSSSignalDiscovered", "SystemAddress":13863215113609, "SignalName":"$Warzone_PointRace_Low:#index=1;", "SignalName_Localised":"Conflict Zone [Low Intensity]", "SignalType":"Combat" }
{ "timestamp":"2025-10-23T19:09:54Z", "event":"Location", "DistFromStarLS":9.638382, "Docked":true, "StationName":"Foda Orbital", "StationType":"Outpost", "MarketID":3226579968, "StationFaction":{ "Name":"Canonn", "FactionState":"Expansion" }, "StationGovernment":"$government_Cooperative;", "StationGovernment_Localised":"Cooperative", "StationServices":[ "dock", "autodock", "blackmarket", "commodities", "contacts", "exploration", "missions", "refuel", "repair", "tuning", "engineer", "missionsgenerated", "flightcontroller", "stationoperations", "powerplay", "searchrescue", "stationMenu", "socialspace", "bartender", "pioneersupplies", "apexinterstellar", "registeringcolonisation" ], "StationEconomy":"$economy_Extraction;", "StationEconomy_Localised":"Extraction", "StationEconomies":[ { "Name":"$economy_Extraction;", "Name_Localised":"Extraction", "Proportion":0.540000 }, { "Name":"$economy_Industrial;", "Name_Localised":"Industrial", "Proportion":0.460000 } ], "Taxi":false, "Multicrew":false, "StarSystem":"Arine", "SystemAddress":13863215113609, "StarPos":[-143.68750,40.68750,-77.50000], "SystemAllegiance":"Independent", "SystemEconomy":"$economy_Industrial;", "SystemEconomy_Localised":"Industrial", "SystemSecondEconomy":"$economy_Extraction;", "SystemSecondEconomy_Localised":"Extraction", "SystemGovernment":"$government_Cooperative;", "SystemGovernment_Localised":"Cooperative", "SystemSecurity":"$SYSTEM_SECURITY_medium;", "SystemSecurity_Localised":"Medium Security", "Population":6760129, "Body":"Foda Orbital", "BodyID":57, "BodyType":"Station", "Factions":[ { "Name":"Arine Values Party", "FactionState":"CivilWar", "Government":"Democracy", "Influence":0.073705, "Allegiance":"Federation", "Happiness":"$Faction_HappinessBand2;", "Happiness_Localised":"Happy", "MyReputation":0.000000, "ActiveStates":[ { "State":"CivilWar" } ] }, { "Name":"Nationals of Arine", "FactionState":"CivilWar", "Government":"Dictatorship", "Influence":0.073705, "Allegiance":"Independent", "Happiness":"$Faction_HappinessBand2;", "Happiness_Localised":"Happy", "MyReputation":0.000000, "ActiveStates":[ { "State":"CivilWar" } ] }, { "Name":"Arine Crimson Energy Corporation", "FactionState":"None", "Government":"Corporate", "Influence":0.086653, "Allegiance":"Independent", "Happiness":"$Faction_HappinessBand2;", "Happiness_Localised":"Happy", "MyReputation":0.000000 }, { "Name":"Justice Party of Arine", "FactionState":"None", "Government":"Dictatorship", "Influence":0.050797, "Allegiance":"Independent", "Happiness":"$Faction_HappinessBand2;", "Happiness_Localised":"Happy", "MyReputation":0.000000 }, { "Name":"Canonn", "FactionState":"Expansion", "Government":"Cooperative", "Influence":0.715139, "Allegiance":"Independent", "Happiness":"$Faction_HappinessBand2;", "Happiness_Localised":"Happy", "MyReputation":0.000000, "RecoveringStates":[ { "State":"PublicHoliday", "Trend":0 } ], "ActiveStates":[ { "State":"Boom" }, { "State":"Expansion" } ] } ], "SystemFaction":{ "Name":"Canonn", "FactionState":"Expansion" }, "Conflicts":[ { "WarType":"civilwar", "Status":"active", "Faction1":{ "Name":"Arine Values Party", "Stake":"Lewis Depot", "WonDays":0 }, "Faction2":{ "Name":"Nationals of Arine", "Stake":"", "WonDays":0 } } ] }
{ "timestamp":"2025-10-23T19:09:54Z", "event":"Music", "MusicTrack":"NoTrack" }
{ "timestamp":"2025-10-23T19:09:54Z", "event":"ShipLocker", "Items":[  ], "Components":[  ], "Consumables":[  ], "Data":[  ] }
{ "timestamp":"2025-10-23T19:09:54Z", "event":"Missions", "Active":[  ], "Failed":[ { "MissionID":1033499675, "Name":"Mission_Massacre_name", "PassengerMission":false, "Expires":0 } ], "Complete":[  ] }
{ "timestamp":"2025-10-23T19:09:54Z", "event":"Loadout", "Ship":"asp", "ShipID":6, "ShipName":" ", "ShipIdent":"VI-17A", "HullValue":6135160, "ModulesValue":9862554, "HullHealth":1.000000, "UnladenMass":345.299988, "CargoCapacity":64, "MaxJumpRange":37.269756, "FuelCapacity":{ "Main":48.000000, "Reserve":0.630000 }, "Rebuy":799888, "Modules":[ { "Slot":"TinyHardpoint1", "Item":"hpt_cloudscanner_size0_class4", "On":true, "Priority":0, "Health":1.000000, "Value":365698 }, { "Slot":"Armour", "Item":"asp_armour_grade1", "On":true, "Priority":1, "Health":1.000000 }, { "Slot":"PowerPlant", "Item":"int_powerplant_size4_class5", "On":true, "Priority":1, "Health":1.000000, "Value":1610080 }, { "Slot":"MainEngines", "Item":"int_engine_size4_class2", "On":true, "Priority":0, "Health":1.000000, "Value":59633 }, { "Slot":"FrameShiftDrive", "Item":"int_hyperdrive_size5_class5", "On":true, "Priority":0, "Health":1.000000, "Value":5103953, "Engineering":{ "Engineer":"Elvira Martuuk", "EngineerID":300160, "BlueprintID":128673690, "BlueprintName":"FSD_LongRange", "Level":1, "Quality":0.400000, "Modifiers":[ { "Label":"Mass", "Value":22.000000, "OriginalValue":20.000000, "LessIsGood":1 }, { "Label":"Integrity", "Value":116.400002, "OriginalValue":120.000000, "LessIsGood":0 }, { "Label":"PowerDraw", "Value":0.618000, "OriginalValue":0.600000, "LessIsGood":1 }, { "Label":"FSDOptimalMass", "Value":1113.000000, "OriginalValue":1050.000000, "LessIsGood":0 } ] } }, { "Slot":"LifeSupport", "Item":"int_lifesupport_size4_class2", "On":true, "Priority":0, "Health":1.000000, "Value":28373 }, { "Slot":"PowerDistributor", "Item":"int_powerdistributor_size4_class5", "On":true, "Priority":0, "Health":1.000000, "Value":443328 }, { "Slot":"Radar", "Item":"int_sensors_size5_class2", "On":true, "Priority":0, "Health":1.000000, "Value":79444 }, { "Slot":"FuelTank", "Item":"int_fueltank_size4_class3", "On":true, "Priority":1, "Health":1.000000, "Value":24734 }, { "Slot":"Slot01_Size6", "Item":"int_cargorack_size6_class1", "On":true, "Priority":1, "Health":1.000000, "Value":362591 }, { "Slot":"Slot02_Size5", "Item":"int_fueltank_size5_class3", "On":true, "Priority":1, "Health":1.000000, "Value":97754 }, { "Slot":"Slot03_Size3", "Item":"int_detailedsurfacescanner_tiny", "On":true, "Priority":0, "Health":1.000000, "Value":250000 }, { "Slot":"Slot04_Size3", "Item":"int_shieldgenerator_size3_class5", "On":true, "Priority":0, "Health":1.000000, "Value":507912 }, { "Slot":"Slot05_Size3", "Item":"int_fuelscoop_size3_class5", "On":true, "Priority":0, "Health":1.000000, "Value":902954 }, { "Slot":"Slot06_Size2", "Item":"int_dockingcomputer_standard", "On":true, "Priority":0, "Health":1.000000, "Value":4500 }, { "Slot":"Slot07_Size2", "Item":"int_buggybay_size2_class2", "On":true, "Priority":0, "Health":1.000000, "Value":21600 }, { "Slot":"PlanetaryApproachSuite", "Item":"int_planetapproachsuite_advanced", "On":true, "Priority":1, "Health":1.000000 }, { "Slot":"VesselVoice", "Item":"voicepack_verity", "On":true, "Priority":1, "Health":1.000000 }, { "Slot":"ShipCockpit", "Item":"asp_cockpit", "On":true, "Priority":1, "Health":1.000000 }, { "Slot":"CargoHatch", "Item":"modularcargobaydoor", "On":true, "Priority":1, "Health":1.000000 } ] }
{ "timestamp":"2025-10-23T19:09:54Z", "event":"Music", "MusicTrack":"Exploration" }
{ "timestamp":"2025-10-23T19:09:56Z", "event":"Cargo", "Vessel":"Ship", "Count":0, "Inventory":[  ] }
{ "timestamp":"2025-10-23T19:10:15Z", "event":"Undocked", "StationName":"Foda Orbital", "StationType":"Outpost", "MarketID":3226579968, "Taxi":false, "Multicrew":false }
{ "timestamp":"2025-10-23T19:10:21Z", "event":"Music", "MusicTrack":"SystemMap" }
{ "timestamp":"2025-10-23T19:10:28Z", "event":"Music", "MusicTrack":"Exploration" }
{ "timestamp":"2025-10-23T19:10:51Z", "event":"Music", "MusicTrack":"SystemMap" }
{ "timestamp":"2025-10-23T19:10:58Z", "event":"Music", "MusicTrack":"Exploration" }
{ "timestamp":"2025-10-23T19:11:41Z", "event":"ReceiveText", "From":"Foda Orbital", "Message":"$STATION_NoFireZone_exited;", "Message_Localised":"No fire zone exited.", "Channel":"npc" }
{ "timestamp":"2025-10-23T19:12:04Z", "event":"StartJump", "JumpType":"Supercruise", "Taxi":false }
{ "timestamp":"2025-10-23T19:12:09Z", "event":"SupercruiseEntry", "Taxi":false, "Multicrew":false, "StarSystem":"Arine", "SystemAddress":13863215113609 }
{ "timestamp":"2025-10-23T19:12:09Z", "event":"ShipLocker", "Items":[  ], "Components":[  ], "Consumables":[  ], "Data":[  ] }
{ "timestamp":"2025-10-23T19:12:09Z", "event":"Music", "MusicTrack":"Supercruise" }
{ "timestamp":"2025-10-23T19:13:45Z", "event":"SupercruiseExit", "Taxi":false, "Multicrew":false, "StarSystem":"Arine", "SystemAddress":13863215113609, "Body":"Arine 2", "BodyID":6, "BodyType":"Planet" }
{ "timestamp":"2025-10-23T19:13:45Z", "event":"ShipLocker", "Items":[  ], "Components":[  ], "Consumables":[  ], "Data":[  ] }
{ "timestamp":"2025-10-23T19:13:45Z", "event":"Music", "MusicTrack":"Exploration" }
{ "timestamp":"2025-10-23T19:14:14Z", "event":"StartJump", "JumpType":"Supercruise", "Taxi":false }
{ "timestamp":"2025-10-23T19:14:19Z", "event":"SupercruiseEntry", "Taxi":false, "Multicrew":false, "StarSystem":"Arine", "SystemAddress":13863215113609 }
{ "timestamp":"2025-10-23T19:14:19Z", "event":"ShipLocker", "Items":[  ], "Components":[  ], "Consumables":[  ], "Data":[  ] }
{ "timestamp":"2025-10-23T19:14:19Z", "event":"Music", "MusicTrack":"Supercruise" }
{ "timestamp":"2025-10-23T19:14:24Z", "event":"Music", "MusicTrack":"SystemAndSurfaceScanner" }
{ "timestamp":"2025-10-23T19:14:50Z", "event":"ReceiveText", "From":"$ShipName_PassengerLiner_Cruise;", "From_Localised":"Cruise Ship", "Message":"$CruiseLiner_SCPatrol02;", "Message_Localised":"We will be cruising in-system for a while, please feel free to take advantage of our in-flight entertainment.", "Channel":"npc" }
{ "timestamp":"2025-10-23T19:15:31Z", "event":"ReceiveText", "From":"$ShipName_PassengerLiner_Cruise;", "From_Localised":"Cruise Ship", "Message":"$CruiseLiner_SCPatrol05;", "Message_Localised":"This is your captain. Due to some unforeseen delays, we will be arriving at our next destination later than scheduled.", "Channel":"npc" }
{ "timestamp":"2025-10-23T19:18:40Z", "event":"Music", "MusicTrack":"Supercruise" }
{ "timestamp":"2025-10-23T19:18:46Z", "event":"ReceiveText", "From":"$ShipName_PassengerLiner_Cruise;", "From_Localised":"Cruise Ship", "Message":"$CruiseLiner_SCPatrol04;", "Message_Localised":"I'd like to direct your attention to our flight attendants for a brief safety demonstration.", "Channel":"npc" }
{ "timestamp":"2025-10-23T19:19:16Z", "event":"ReceiveText", "From":"$ShipName_PassengerLiner_Cruise;", "From_Localised":"Cruise Ship", "Message":"$CruiseLiner_SCPatrol01;", "Message_Localised":"And don't forget, this Liner is in the top 1% of all Liners out there.", "Channel":"npc" }
{ "timestamp":"2025-10-23T19:19:58Z", "event":"ReceiveText", "From":"$ShipName_PassengerLiner_Cruise;", "From_Localised":"Cruise Ship", "Message":"$CruiseLiner_SCPatrol04;", "Message_Localised":"I'd like to direct your attention to our flight attendants for a brief safety demonstration.", "Channel":"npc" }
{ "timestamp":"2025-10-23T19:20:34Z", "event":"Music", "MusicTrack":"SystemAndSurfaceScanner" }
{ "timestamp":"2025-10-23T19:20:44Z", "event":"FSSDiscoveryScan", "Progress":1.000000, "BodyCount":18, "NonBodyCount":69, "SystemName":"Arine", "SystemAddress":13863215113609 }
{ "timestamp":"2025-10-23T19:22:03Z", "event":"Music", "MusicTrack":"Supercruise" }
{ "timestamp":"2025-10-23T19:22:15Z", "event":"NavRoute" }
{ "timestamp":"2025-10-23T19:22:15Z", "event":"FSDTarget", "Name":"Aymarahuara", "SystemAddress":3382119011010, "StarClass":"M", "RemainingJumpsInRoute":5 }
{ "timestamp":"2025-10-23T19:22:16Z", "event":"Music", "MusicTrack":"GalaxyMap" }
{ "timestamp":"2025-10-23T19:22:29Z", "event":"NavRoute" }
{ "timestamp":"2025-10-23T19:22:29Z", "event":"FSDTarget", "Name":"HIP 113628", "SystemAddress":1183162864322, "StarClass":"K", "RemainingJumpsInRoute":1 }
{ "timestamp":"2025-10-23T19:22:32Z", "event":"Music", "MusicTrack":"Supercruise" }
{ "timestamp":"2025-10-23T19:23:02Z", "event":"StartJump", "JumpType":"Hyperspace", "Taxi":false, "StarSystem":"HIP 113628", "SystemAddress":1183162864322, "StarClass":"K" }
{ "timestamp":"2025-10-23T19:23:07Z", "event":"ShipLocker", "Items":[  ], "Components":[  ], "Consumables":[  ], "Data":[  ] }
{ "timestamp":"2025-10-23T19:23:07Z", "event":"Music", "MusicTrack":"NoTrack" }
{ "timestamp":"2025-10-23T19:23:09Z", "event":"NavRouteClear" }
{ "timestamp":"2025-10-23T19:23:21Z", "event":"ReceiveText", "From":"", "Message":"$COMMS_entered:#name=HIP 113628;", "Message_Localised":"Entered Channel: HIP 113628", "Channel":"npc" }
{ "timestamp":"2025-10-23T19:23:21Z", "event":"FSDJump", "Taxi":false, "Multicrew":false, "StarSystem":"HIP 113628", "SystemAddress":1183162864322, "StarPos":[-143.40625,44.03125,-72.21875], "SystemAllegiance":"", "SystemEconomy":"$economy_None;", "SystemEconomy_Localised":"None", "SystemSecondEconomy":"$economy_None;", "SystemSecondEconomy_Localised":"None", "SystemGovernment":"$government_None;", "SystemGovernment_Localised":"None", "SystemSecurity":"$GAlAXY_MAP_INFO_state_anarchy;", "SystemSecurity_Localised":"Anarchy", "Population":0, "Body":"HIP 113628", "BodyID":0, "BodyType":"Star", "JumpDist":6.257, "FuelUsed":0.083512, "FuelLevel":47.286488 }
{ "timestamp":"2025-10-23T19:23:21Z", "event":"ShipLocker", "Items":[  ], "Components":[  ], "Consumables":[  ], "Data":[  ] }
{ "timestamp":"2025-10-23T19:23:21Z", "event":"Music", "MusicTrack":"DestinationFromHyperspace" }
{ "timestamp":"2025-10-23T19:23:26Z", "event":"Music", "MusicTrack":"Supercruise" }
{ "timestamp":"2025-10-23T19:23:26Z", "event":"Scan", "ScanType":"AutoScan", "BodyName":"HIP 113628", "BodyID":0, "StarSystem":"HIP 113628", "SystemAddress":1183162864322, "DistanceFromArrivalLS":0.000000, "StarType":"K", "Subclass":2, "StellarMass":0.738281, "Radius":588250176.000000, "AbsoluteMagnitude":6.536804, "Age_MY":4826, "SurfaceTemperature":4760.000000, "Luminosity":"V", "RotationPeriod":292574.496603, "AxialTilt":0.000000, "WasDiscovered":true, "WasMapped":false, "WasFootfalled":false }
{ "timestamp":"2025-10-23T19:23:30Z", "event":"Music", "MusicTrack":"SystemMap" }
{ "timestamp":"2025-10-23T19:23:31Z", "event":"FuelScoop", "Scooped":0.096626, "Total":47.383106 }
{ "timestamp":"2025-10-23T19:23:41Z", "event":"Music", "MusicTrack":"Supercruise" }
{ "timestamp":"2025-10-23T19:25:15Z", "event":"Music", "MusicTrack":"SystemMap" }
{ "timestamp":"2025-10-23T19:25:20Z", "event":"Music", "MusicTrack":"Supercruise" }
{ "timestamp":"2025-10-23T19:26:37Z", "event":"Scan", "ScanType":"Basic", "BodyName":"HIP 113628 1", "BodyID":1, "Parents":[ {"Star":0} ], "StarSystem":"HIP 113628", "SystemAddress":1183162864322, "DistanceFromArrivalLS":6696.141789, "PlanetClass":"Sudarsky class I gas giant", "MassEM":17.318232, "Radius":21592472.000000, "SurfaceGravity":14.804995, "SemiMajorAxis":1589126527309.417725, "Eccentricity":0.304394, "OrbitalInclination":-5.335225, "Periapsis":151.223318, "OrbitalPeriod":1271423697.471619, "AscendingNode":-99.105983, "MeanAnomaly":218.895978, "RotationPeriod":83672.333751, "AxialTilt":-0.482239, "WasDiscovered":true, "WasMapped":true, "WasFootfalled":false }
{ "timestamp":"2025-10-23T19:26:47Z", "event":"Scan", "ScanType":"AutoScan", "BodyName":"HIP 113628 1", "BodyID":1, "Parents":[ {"Star":0} ], "StarSystem":"HIP 113628", "SystemAddress":1183162864322, "DistanceFromArrivalLS":6696.141760, "TidalLock":false, "TerraformState":"", "PlanetClass":"Sudarsky class I gas giant", "Atmosphere":"", "AtmosphereComposition":[ { "Name":"Hydrogen", "Percent":71.521202 }, { "Name":"Helium", "Percent":28.478802 } ], "Volcanism":"", "MassEM":17.318232, "Radius":21592472.000000, "SurfaceGravity":14.804995, "SurfaceTemperature":51.808403, "SurfacePressure":0.000000, "Landable":false, "SemiMajorAxis":1589126527309.417725, "Eccentricity":0.304394, "OrbitalInclination":-5.335225, "Periapsis":151.223318, "OrbitalPeriod":1271423697.471619, "AscendingNode":-99.105983, "MeanAnomaly":218.895980, "RotationPeriod":83672.333751, "AxialTilt":-0.482239, "WasDiscovered":true, "WasMapped":true, "WasFootfalled":false }
{ "timestamp":"2025-10-23T19:26:47Z", "event":"FSSAllBodiesFound", "SystemName":"HIP 113628", "SystemAddress":1183162864322, "Count":2 }
{ "timestamp":"2025-10-23T19:27:48Z", "event":"Music", "MusicTrack":"SystemMap" }
{ "timestamp":"2025-10-23T19:28:01Z", "event":"Music", "MusicTrack":"GalaxyMap" }
{ "timestamp":"2025-10-23T19:28:31Z", "event":"Music", "MusicTrack":"SystemMap" }
{ "timestamp":"2025-10-23T19:28:35Z", "event":"Music", "MusicTrack":"Supercruise" }
{ "timestamp":"2025-10-23T19:28:51Z", "event":"SupercruiseExit", "Taxi":false, "Multicrew":false, "StarSystem":"HIP 113628", "SystemAddress":1183162864322, "Body":"HIP 113628 1", "BodyID":1, "BodyType":"Planet" }
{ "timestamp":"2025-10-23T19:28:51Z", "event":"ShipLocker", "Items":[  ], "Components":[  ], "Consumables":[  ], "Data":[  ] }
{ "timestamp":"2025-10-23T19:28:51Z", "event":"Music", "MusicTrack":"Exploration" }
{ "timestamp":"2025-10-23T19:29:02Z", "event":"Music", "MusicTrack":"GalaxyMap" }
{ "timestamp":"2025-10-23T19:29:45Z", "event":"NavRoute" }
{ "timestamp":"2025-10-23T19:29:45Z", "event":"FSDTarget", "Name":"HIP 112951", "SystemAddress":908284957378, "StarClass":"K", "RemainingJumpsInRoute":1 }
{ "timestamp":"2025-10-23T19:29:50Z", "event":"Music", "MusicTrack":"Exploration" }
{ "timestamp":"2025-10-23T19:30:25Z", "event":"StartJump", "JumpType":"Hyperspace", "Taxi":false, "StarSystem":"HIP 112951", "SystemAddress":908284957378, "StarClass":"K" }
{ "timestamp":"2025-10-23T19:30:30Z", "event":"ShipLocker", "Items":[  ], "Components":[  ], "Consumables":[  ], "Data":[  ] }
{ "timestamp":"2025-10-23T19:30:30Z", "event":"Music", "MusicTrack":"NoTrack" }
{ "timestamp":"2025-10-23T19:30:32Z", "event":"NavRouteClear" }
{ "timestamp":"2025-10-23T19:30:43Z", "event":"ReceiveText", "From":"", "Message":"$COMMS_entered:#name=HIP 112951;", "Message_Localised":"Entered Channel: HIP 112951", "Channel":"npc" }
{ "timestamp":"2025-10-23T19:30:43Z", "event":"FSDJump", "Taxi":false, "Multicrew":false, "StarSystem":"HIP 112951", "SystemAddress":908284957378, "StarPos":[-139.59375,41.68750,-68.15625], "SystemAllegiance":"", "SystemEconomy":"$economy_None;", "SystemEconomy_Localised":"None", "SystemSecondEconomy":"$economy_None;", "SystemSecondEconomy_Localised":"None", "SystemGovernment":"$government_None;", "SystemGovernment_Localised":"None", "SystemSecurity":"$GAlAXY_MAP_INFO_state_anarchy;", "SystemSecurity_Localised":"Anarchy", "Population":0, "Body":"HIP 112951 A", "BodyID":1, "BodyType":"Star", "JumpDist":6.044, "FuelUsed":0.076727, "FuelLevel":47.306377 }
{ "timestamp":"2025-10-23T19:30:43Z", "event":"ShipLocker", "Items":[  ], "Components":[  ], "Consumables":[  ], "Data":[  ] }
{ "timestamp":"2025-10-23T19:30:43Z", "event":"Music", "MusicTrack":"DestinationFromHyperspace" }
{ "timestamp":"2025-10-23T19:30:48Z", "event":"Music", "MusicTrack":"Supercruise" }
{ "timestamp":"2025-10-23T19:30:48Z", "event":"Scan", "ScanType":"AutoScan", "BodyName":"HIP 112951 A", "BodyID":1, "Parents":[ {"Null":0} ], "StarSystem":"HIP 112951", "SystemAddress":908284957378, "DistanceFromArrivalLS":0.000000, "StarType":"K", "Subclass":2, "StellarMass":0.472656, "Radius":447634688.000000, "AbsoluteMagnitude":6.100235, "Age_MY":11998, "SurfaceTemperature":3689.000000, "Luminosity":"V", "SemiMajorAxis":13623609542846.679688, "Eccentricity":0.111600, "OrbitalInclination":-23.000276, "Periapsis":80.117719, "OrbitalPeriod":222944808006.286621, "AscendingNode":69.033975, "MeanAnomaly":27.936185, "RotationPeriod":241692.952507, "AxialTilt":0.000000, "WasDiscovered":true, "WasMapped":false, "WasFootfalled":false }
{ "timestamp":"2025-10-23T19:30:50Z", "event":"Music", "MusicTrack":"SystemMap" }
{ "timestamp":"2025-10-23T19:32:08Z", "event":"Music", "MusicTrack":"Supercruise" }
{ "timestamp":"2025-10-23T19:32:18Z", "event":"Music", "MusicTrack":"GalaxyMap" }
{ "timestamp":"2025-10-23T19:32:36Z", "event":"Music", "MusicTrack":"Supercruise" }
{ "timestamp":"2025-10-23T19:32:41Z", "event":"Music", "MusicTrack":"GalaxyMap" }
{ "timestamp":"2025-10-23T19:33:10Z", "event":"ReservoirReplenished", "FuelMain":46.676376, "FuelReservoir":0.630000 }
{ "timestamp":"2025-10-23T19:34:31Z", "event":"NavRoute" }
{ "timestamp":"2025-10-23T19:34:31Z", "event":"FSDTarget", "Name":"Cephei Sector DB-X b1-2", "SystemAddress":5067122091409, "StarClass":"M", "RemainingJumpsInRoute":1 }
{ "timestamp":"2025-10-23T19:34:33Z", "event":"Music", "MusicTrack":"Supercruise" }
{ "timestamp":"2025-10-23T19:34:56Z", "event":"StartJump", "JumpType":"Hyperspace", "Taxi":false, "StarSystem":"Cephei Sector DB-X b1-2", "SystemAddress":5067122091409, "StarClass":"M" }
{ "timestamp":"2025-10-23T19:35:01Z", "event":"ShipLocker", "Items":[  ], "Components":[  ], "Consumables":[  ], "Data":[  ] }
{ "timestamp":"2025-10-23T19:35:01Z", "event":"Music", "MusicTrack":"NoTrack" }
{ "timestamp":"2025-10-23T19:35:02Z", "event":"NavRouteClear" }
{ "timestamp":"2025-10-23T19:35:14Z", "event":"ReceiveText", "From":"", "Message":"$COMMS_entered:#name=Cephei Sector DB-X b1-2;", "Message_Localised":"Entered Channel: Cephei Sector DB-X b1-2", "Channel":"npc" }
{ "timestamp":"2025-10-23T19:35:14Z", "event":"FSDJump", "Taxi":false, "Multicrew":false, "StarSystem":"Cephei Sector DB-X b1-2", "SystemAddress":5067122091409, "StarPos":[-136.75000,35.21875,-62.81250], "SystemAllegiance":"Independent", "SystemEconomy":"$economy_Military;", "SystemEconomy_Localised":"Military", "SystemSecondEconomy":"$economy_None;", "SystemSecondEconomy_Localised":"None", "SystemGovernment":"$government_Democracy;", "SystemGovernment_Localised":"Democracy", "SystemSecurity":"$SYSTEM_SECURITY_low;", "SystemSecurity_Localised":"Low Security", "Population":77572, "Body":"Cephei Sector DB-X b1-2 A", "BodyID":2, "BodyType":"Star", "JumpDist":8.859, "FuelUsed":0.194932, "FuelLevel":46.481445, "Factions":[ { "Name":"Liberals of Fusang", "FactionState":"None", "Government":"Democracy", "Influence":0.130000, "Allegiance":"Federation", "Happiness":"$Faction_HappinessBand2;", "Happiness_Localised":"Happy", "MyReputation":0.000000 }, { "Name":"Pemede Ring", "FactionState":"None", "Government":"Anarchy", "Influence":0.070000, "Allegiance":"Independent", "Happiness":"$Faction_HappinessBand2;", "Happiness_Localised":"Happy", "MyReputation":0.000000 }, { "Name":"Interplanetary Explorations", "FactionState":"Expansion", "Government":"Democracy", "Influence":0.600000, "Allegiance":"Independent", "Happiness":"$Faction_HappinessBand2;", "Happiness_Localised":"Happy", "MyReputation":0.000000, "ActiveStates":[ { "State":"Expansion" } ] }, { "Name":"Canonn", "FactionState":"Expansion", "Government":"Cooperative", "Influence":0.200000, "Allegiance":"Independent", "Happiness":"$Faction_HappinessBand2;", "Happiness_Localised":"Happy", "MyReputation":0.000000, "ActiveStates":[ { "State":"Expansion" } ] } ], "SystemFaction":{ "Name":"Interplanetary Explorations", "FactionState":"Expansion" } }
{ "timestamp":"2025-10-23T19:35:14Z", "event":"ShipLocker", "Items":[  ], "Components":[  ], "Consumables":[  ], "Data":[  ] }
{ "timestamp":"2025-10-23T19:35:14Z", "event":"Music", "MusicTrack":"DestinationFromHyperspace" }
{ "timestamp":"2025-10-23T19:35:19Z", "event":"Music", "MusicTrack":"Supercruise" }
{ "timestamp":"2025-10-23T19:35:19Z", "event":"ScanBaryCentre", "StarSystem":"Cephei Sector DB-X b1-2", "SystemAddress":5067122091409, "BodyID":1, "SemiMajorAxis":14671717882156.371094, "Eccentricity":0.134315, "OrbitalInclination":-26.588898, "Periapsis":149.694490, "OrbitalPeriod":261802309751.510620, "AscendingNode":128.668627, "MeanAnomaly":154.873722 }
{ "timestamp":"2025-10-23T19:35:19Z", "event":"Scan", "ScanType":"AutoScan", "BodyName":"Cephei Sector DB-X b1-2 A", "BodyID":2, "Parents":[ {"Null":1}, {"Null":0} ], "StarSystem":"Cephei Sector DB-X b1-2", "SystemAddress":5067122091409, "DistanceFromArrivalLS":0.000000, "StarType":"M", "Subclass":5, "StellarMass":0.378906, "Radius":354520736.000000, "AbsoluteMagnitude":9.403549, "Age_MY":10692, "SurfaceTemperature":2824.000000, "Luminosity":"Va", "SemiMajorAxis":1005081713199.615479, "Eccentricity":0.267055, "OrbitalInclination":-30.489408, "Periapsis":290.295665, "OrbitalPeriod":3210038185.119629, "AscendingNode":153.769814, "MeanAnomaly":116.200279, "RotationPeriod":153348.130334, "AxialTilt":0.000000, "WasDiscovered":true, "WasMapped":false, "WasFootfalled":false }
{ "timestamp":"2025-10-23T19:35:31Z", "event":"FuelScoop", "Scooped":1.518483, "Total":48.000000 }
{ "timestamp":"2025-10-23T19:35:35Z", "event":"Music", "MusicTrack":"SystemMap" }
{ "timestamp":"2025-10-23T19:35:44Z", "event":"Music", "MusicTrack":"GalaxyMap" }
{ "timestamp":"2025-10-23T19:36:31Z", "event":"Music", "MusicTrack":"SystemMap" }
{ "timestamp":"2025-10-23T19:36:32Z", "event":"Music", "MusicTrack":"Supercruise" }
{ "timestamp":"2025-10-23T19:36:38Z", "event":"Music", "MusicTrack":"GalaxyMap" }
{ "timestamp":"2025-10-23T19:37:05Z", "event":"NavRoute" }
{ "timestamp":"2025-10-23T19:37:05Z", "event":"FSDTarget", "Name":"Cephei Sector DB-X b1-3", "SystemAddress":7266145346961, "StarClass":"M", "RemainingJumpsInRoute":4 }
{ "timestamp":"2025-10-23T19:37:17Z", "event":"NavRoute" }
{ "timestamp":"2025-10-23T19:37:17Z", "event":"FSDTarget", "Name":"HIP 113905", "SystemAddress":1556648823139, "StarClass":"G", "RemainingJumpsInRoute":5 }
{ "timestamp":"2025-10-23T19:37:40Z", "event":"NavRoute" }
{ "timestamp":"2025-10-23T19:37:40Z", "event":"FSDTarget", "Name":"HIP 112951", "SystemAddress":908284957378, "StarClass":"K", "RemainingJumpsInRoute":1 }
{ "timestamp":"2025-10-23T19:37:46Z", "event":"Music", "MusicTrack":"Supercruise" }
{ "timestamp":"2025-10-23T19:38:15Z", "event":"StartJump", "JumpType":"Hyperspace", "Taxi":false, "StarSystem":"HIP 112951", "SystemAddress":908284957378, "StarClass":"K" }
{ "timestamp":"2025-10-23T19:38:20Z", "event":"ShipLocker", "Items":[  ], "Components":[  ], "Consumables":[  ], "Data":[  ] }
{ "timestamp":"2025-10-23T19:38:20Z", "event":"Music", "MusicTrack":"NoTrack" }
{ "timestamp":"2025-10-23T19:38:22Z", "event":"NavRouteClear" }
{ "timestamp":"2025-10-23T19:38:33Z", "event":"ReceiveText", "From":"", "Message":"$COMMS_entered:#name=HIP 112951;", "Message_Localised":"Entered Channel: HIP 112951", "Channel":"npc" }
{ "timestamp":"2025-10-23T19:38:33Z", "event":"FSDJump", "Taxi":false, "Multicrew":false, "StarSystem":"HIP 112951", "SystemAddress":908284957378, "StarPos":[-139.59375,41.68750,-68.15625], "SystemAllegiance":"", "SystemEconomy":"$economy_None;", "SystemEconomy_Localised":"None", "SystemSecondEconomy":"$economy_None;", "SystemSecondEconomy_Localised":"None", "SystemGovernment":"$government_None;", "SystemGovernment_Localised":"None", "SystemSecurity":"$GAlAXY_MAP_INFO_state_anarchy;", "SystemSecurity_Localised":"Anarchy", "Population":0, "Body":"HIP 112951 A", "BodyID":1, "BodyType":"Star", "JumpDist":8.859, "FuelUsed":0.196537, "FuelLevel":47.803463 }
{ "timestamp":"2025-10-23T19:38:33Z", "event":"ShipLocker", "Items":[  ], "Components":[  ], "Consumables":[  ], "Data":[  ] }
{ "timestamp":"2025-10-23T19:38:33Z", "event":"Music", "MusicTrack":"Supercruise" }
{ "timestamp":"2025-10-23T19:38:41Z", "event":"Music", "MusicTrack":"SystemMap" }
{ "timestamp":"2025-10-23T19:38:52Z", "event":"Music", "MusicTrack":"Supercruise" }
{ "timestamp":"2025-10-23T19:39:02Z", "event":"Music", "MusicTrack":"GalaxyMap" }
{ "timestamp":"2025-10-23T19:39:26Z", "event":"NavRoute" }
{ "timestamp":"2025-10-23T19:39:26Z", "event":"FSDTarget", "Name":"Meinjhalie", "SystemAddress":13863215113617, "StarClass":"M", "RemainingJumpsInRoute":50 }
{ "timestamp":"2025-10-23T19:39:44Z", "event":"NavRoute" }
{ "timestamp":"2025-10-23T19:39:58Z", "event":"NavRoute" }
{ "timestamp":"2025-10-23T19:39:58Z", "event":"FSDTarget", "Name":"Cephei Sector ZE-A c13", "SystemAddress":3657064026818, "StarClass":"K", "RemainingJumpsInRoute":7 }
{ "timestamp":"2025-10-23T19:40:17Z", "event":"NavRoute" }
{ "timestamp":"2025-10-23T19:40:17Z", "event":"FSDTarget", "Name":"HIP 113905", "SystemAddress":1556648823139, "StarClass":"G", "RemainingJumpsInRoute":7 }
{ "timestamp":"2025-10-23T19:40:31Z", "event":"NavRoute" }
{ "timestamp":"2025-10-23T19:40:37Z", "event":"NavRoute" }
{ "timestamp":"2025-10-23T19:40:37Z", "event":"FSDTarget", "Name":"Cephei Sector DB-X b1-2", "SystemAddress":5067122091409, "StarClass":"M", "RemainingJumpsInRoute":1 }
{ "timestamp":"2025-10-23T19:40:42Z", "event":"Music", "MusicTrack":"Supercruise" }
{ "timestamp":"2025-10-23T19:40:54Z", "event":"Music", "MusicTrack":"SystemAndSurfaceScanner" }
{ "timestamp":"2025-10-23T19:41:00Z", "event":"Music", "MusicTrack":"Supercruise" }
{ "timestamp":"2025-10-23T19:41:10Z", "event":"Music", "MusicTrack":"GalaxyMap" }
{ "timestamp":"2025-10-23T19:41:16Z", "event":"Music", "MusicTrack":"Supercruise" }
{ "timestamp":"2025-10-23T19:41:28Z", "event":"Music", "MusicTrack":"GalaxyMap" }
{ "timestamp":"2025-10-23T19:41:57Z", "event":"NavRoute" }
{ "timestamp":"2025-10-23T19:41:57Z", "event":"FSDTarget", "Name":"Meinjhalie", "SystemAddress":13863215113617, "StarClass":"M", "RemainingJumpsInRoute":1 }
{ "timestamp":"2025-10-23T19:42:03Z", "event":"NavRoute" }
{ "timestamp":"2025-10-23T19:42:03Z", "event":"FSDTarget", "Name":"Cephei Sector AA-A d51", "SystemAddress":1762790476131, "StarClass":"F", "RemainingJumpsInRoute":1 }
{ "timestamp":"2025-10-23T19:42:09Z", "event":"NavRoute" }
{ "timestamp":"2025-10-23T19:42:09Z", "event":"FSDTarget", "Name":"Meinjhalie", "SystemAddress":13863215113617, "StarClass":"M", "RemainingJumpsInRoute":5 }
{ "timestamp":"2025-10-23T19:42:14Z", "event":"NavRoute" }
{ "timestamp":"2025-10-23T19:42:17Z", "event":"Music", "MusicTrack":"Supercruise" }
{ "timestamp":"2025-10-23T19:42:22Z", "event":"Shutdown" }
